2025-01-17 17:29:13.663 [info] [main] Log level: Info
2025-01-17 17:29:13.663 [info] [main] Validating found git in: "git"
2025-01-17 17:29:13.663 [info] [main] Using git "2.48.1" from "git"
2025-01-17 17:29:13.663 [info] [Model][doInitialScan] Initial repository scan started
2025-01-17 17:29:13.663 [info] > git rev-parse --show-toplevel [3ms]
2025-01-17 17:29:13.663 [info] fatal: not a git repository (or any of the parent directories): .git
2025-01-17 17:29:13.663 [info] > git rev-parse --show-toplevel [2ms]
2025-01-17 17:29:13.663 [info] fatal: not a git repository (or any of the parent directories): .git
2025-01-17 17:29:13.667 [info] > git rev-parse --show-toplevel [1ms]
2025-01-17 17:29:13.667 [info] fatal: not a git repository (or any of the parent directories): .git
2025-01-17 17:29:13.669 [info] > git rev-parse --show-toplevel [0ms]
2025-01-17 17:29:13.669 [info] fatal: not a git repository (or any of the parent directories): .git
2025-01-17 17:29:13.672 [info] > git rev-parse --show-toplevel [1ms]
2025-01-17 17:29:13.672 [info] fatal: not a git repository (or any of the parent directories): .git
2025-01-17 17:29:13.675 [info] > git rev-parse --show-toplevel [1ms]
2025-01-17 17:29:13.675 [info] fatal: not a git repository (or any of the parent directories): .git
2025-01-17 17:29:13.678 [info] > git rev-parse --show-toplevel [1ms]
2025-01-17 17:29:13.678 [info] fatal: not a git repository (or any of the parent directories): .git
2025-01-17 17:29:13.680 [info] > git rev-parse --show-toplevel [0ms]
2025-01-17 17:29:13.680 [info] fatal: not a git repository (or any of the parent directories): .git
2025-01-17 17:29:13.683 [info] > git rev-parse --show-toplevel [1ms]
2025-01-17 17:29:13.683 [info] fatal: not a git repository (or any of the parent directories): .git
2025-01-17 17:29:13.685 [info] > git rev-parse --show-toplevel [0ms]
2025-01-17 17:29:13.685 [info] fatal: not a git repository (or any of the parent directories): .git
2025-01-17 17:29:13.688 [info] > git rev-parse --show-toplevel [0ms]
2025-01-17 17:29:13.688 [info] fatal: not a git repository (or any of the parent directories): .git
2025-01-17 17:29:13.693 [info] > git rev-parse --show-toplevel [3ms]
2025-01-17 17:29:13.693 [info] fatal: not a git repository (or any of the parent directories): .git
2025-01-17 17:29:13.695 [info] > git rev-parse --show-toplevel [0ms]
2025-01-17 17:29:13.695 [info] fatal: not a git repository (or any of the parent directories): .git
2025-01-17 17:29:13.699 [info] > git rev-parse --show-toplevel [1ms]
2025-01-17 17:29:13.699 [info] fatal: not a git repository (or any of the parent directories): .git
2025-01-17 17:29:13.702 [info] > git rev-parse --show-toplevel [1ms]
2025-01-17 17:29:13.702 [info] fatal: not a git repository (or any of the parent directories): .git
2025-01-17 17:29:13.704 [info] > git rev-parse --show-toplevel [0ms]
2025-01-17 17:29:13.704 [info] fatal: not a git repository (or any of the parent directories): .git
2025-01-17 17:29:13.708 [info] > git rev-parse --show-toplevel [1ms]
2025-01-17 17:29:13.708 [info] fatal: not a git repository (or any of the parent directories): .git
2025-01-17 17:29:13.710 [info] > git rev-parse --show-toplevel [0ms]
2025-01-17 17:29:13.710 [info] fatal: not a git repository (or any of the parent directories): .git
2025-01-17 17:29:13.713 [info] > git rev-parse --show-toplevel [1ms]
2025-01-17 17:29:13.713 [info] fatal: not a git repository (or any of the parent directories): .git
2025-01-17 17:29:13.716 [info] > git rev-parse --show-toplevel [1ms]
2025-01-17 17:29:13.716 [info] fatal: not a git repository (or any of the parent directories): .git
2025-01-17 17:29:13.719 [info] > git rev-parse --show-toplevel [1ms]
2025-01-17 17:29:13.719 [info] fatal: not a git repository (or any of the parent directories): .git
2025-01-17 17:29:13.719 [info] [Model][doInitialScan] Initial repository scan completed - repositories (0), closed repositories (0), parent repositories (0), unsafe repositories (0)
2025-01-17 17:29:15.728 [info] > git rev-parse --show-toplevel [1ms]
2025-01-17 17:29:15.728 [info] fatal: not a git repository (or any of the parent directories): .git
