2025-02-17 06:55:32.496 [info] [main] Log level: Info
2025-02-17 06:55:32.496 [info] [main] Validating found git in: "git"
2025-02-17 06:55:32.496 [info] [main] Using git "2.48.1" from "git"
2025-02-17 06:55:32.496 [info] [Model][doInitialScan] Initial repository scan started
2025-02-17 06:55:32.496 [info] > git rev-parse --show-toplevel [3ms]
2025-02-17 06:55:32.496 [info] fatal: not a git repository (or any of the parent directories): .git
2025-02-17 06:55:32.496 [info] > git rev-parse --show-toplevel [56ms]
2025-02-17 06:55:32.496 [info] fatal: not a git repository (or any of the parent directories): .git
2025-02-17 06:55:32.496 [info] > git rev-parse --show-toplevel [2ms]
2025-02-17 06:55:32.496 [info] fatal: not a git repository (or any of the parent directories): .git
2025-02-17 06:55:32.504 [info] > git rev-parse --show-toplevel [2ms]
2025-02-17 06:55:32.504 [info] fatal: not a git repository (or any of the parent directories): .git
2025-02-17 06:55:32.562 [info] > git rev-parse --show-toplevel [56ms]
2025-02-17 06:55:32.562 [info] fatal: not a git repository (or any of the parent directories): .git
2025-02-17 06:55:32.571 [info] > git rev-parse --show-toplevel [2ms]
2025-02-17 06:55:32.571 [info] fatal: not a git repository (or any of the parent directories): .git
2025-02-17 06:55:32.585 [info] > git rev-parse --show-toplevel [10ms]
2025-02-17 06:55:32.585 [info] fatal: not a git repository (or any of the parent directories): .git
2025-02-17 06:55:32.589 [info] > git rev-parse --show-toplevel [1ms]
2025-02-17 06:55:32.589 [info] fatal: not a git repository (or any of the parent directories): .git
2025-02-17 06:55:32.592 [info] > git rev-parse --show-toplevel [1ms]
2025-02-17 06:55:32.592 [info] fatal: not a git repository (or any of the parent directories): .git
2025-02-17 06:55:32.595 [info] > git rev-parse --show-toplevel [1ms]
2025-02-17 06:55:32.595 [info] fatal: not a git repository (or any of the parent directories): .git
2025-02-17 06:55:32.598 [info] > git rev-parse --show-toplevel [1ms]
2025-02-17 06:55:32.598 [info] fatal: not a git repository (or any of the parent directories): .git
2025-02-17 06:55:32.601 [info] > git rev-parse --show-toplevel [1ms]
2025-02-17 06:55:32.601 [info] fatal: not a git repository (or any of the parent directories): .git
2025-02-17 06:55:32.604 [info] > git rev-parse --show-toplevel [1ms]
2025-02-17 06:55:32.604 [info] fatal: not a git repository (or any of the parent directories): .git
2025-02-17 06:55:32.606 [info] > git rev-parse --show-toplevel [0ms]
2025-02-17 06:55:32.607 [info] fatal: not a git repository (or any of the parent directories): .git
2025-02-17 06:55:32.609 [info] > git rev-parse --show-toplevel [0ms]
2025-02-17 06:55:32.609 [info] fatal: not a git repository (or any of the parent directories): .git
2025-02-17 06:55:32.612 [info] > git rev-parse --show-toplevel [0ms]
2025-02-17 06:55:32.612 [info] fatal: not a git repository (or any of the parent directories): .git
2025-02-17 06:55:32.615 [info] > git rev-parse --show-toplevel [0ms]
2025-02-17 06:55:32.615 [info] fatal: not a git repository (or any of the parent directories): .git
2025-02-17 06:55:32.618 [info] > git rev-parse --show-toplevel [1ms]
2025-02-17 06:55:32.618 [info] fatal: not a git repository (or any of the parent directories): .git
2025-02-17 06:55:32.621 [info] > git rev-parse --show-toplevel [1ms]
2025-02-17 06:55:32.621 [info] fatal: not a git repository (or any of the parent directories): .git
2025-02-17 06:55:32.624 [info] > git rev-parse --show-toplevel [1ms]
2025-02-17 06:55:32.624 [info] fatal: not a git repository (or any of the parent directories): .git
2025-02-17 06:55:32.627 [info] > git rev-parse --show-toplevel [1ms]
2025-02-17 06:55:32.627 [info] fatal: not a git repository (or any of the parent directories): .git
2025-02-17 06:55:32.630 [info] > git rev-parse --show-toplevel [0ms]
2025-02-17 06:55:32.630 [info] fatal: not a git repository (or any of the parent directories): .git
2025-02-17 06:55:32.632 [info] > git rev-parse --show-toplevel [0ms]
2025-02-17 06:55:32.632 [info] fatal: not a git repository (or any of the parent directories): .git
2025-02-17 06:55:32.635 [info] > git rev-parse --show-toplevel [0ms]
2025-02-17 06:55:32.635 [info] fatal: not a git repository (or any of the parent directories): .git
2025-02-17 06:55:32.638 [info] > git rev-parse --show-toplevel [0ms]
2025-02-17 06:55:32.638 [info] fatal: not a git repository (or any of the parent directories): .git
2025-02-17 06:55:32.641 [info] > git rev-parse --show-toplevel [1ms]
2025-02-17 06:55:32.641 [info] fatal: not a git repository (or any of the parent directories): .git
2025-02-17 06:55:32.644 [info] > git rev-parse --show-toplevel [1ms]
2025-02-17 06:55:32.644 [info] fatal: not a git repository (or any of the parent directories): .git
2025-02-17 06:55:32.647 [info] > git rev-parse --show-toplevel [1ms]
2025-02-17 06:55:32.647 [info] fatal: not a git repository (or any of the parent directories): .git
2025-02-17 06:55:32.650 [info] > git rev-parse --show-toplevel [1ms]
2025-02-17 06:55:32.650 [info] fatal: not a git repository (or any of the parent directories): .git
2025-02-17 06:55:32.652 [info] > git rev-parse --show-toplevel [0ms]
2025-02-17 06:55:32.652 [info] fatal: not a git repository (or any of the parent directories): .git
2025-02-17 06:55:32.655 [info] > git rev-parse --show-toplevel [0ms]
2025-02-17 06:55:32.655 [info] fatal: not a git repository (or any of the parent directories): .git
2025-02-17 06:55:32.658 [info] > git rev-parse --show-toplevel [1ms]
2025-02-17 06:55:32.658 [info] fatal: not a git repository (or any of the parent directories): .git
2025-02-17 06:55:32.661 [info] > git rev-parse --show-toplevel [1ms]
2025-02-17 06:55:32.661 [info] fatal: not a git repository (or any of the parent directories): .git
2025-02-17 06:55:32.664 [info] > git rev-parse --show-toplevel [1ms]
2025-02-17 06:55:32.664 [info] fatal: not a git repository (or any of the parent directories): .git
2025-02-17 06:55:32.667 [info] > git rev-parse --show-toplevel [1ms]
2025-02-17 06:55:32.667 [info] fatal: not a git repository (or any of the parent directories): .git
2025-02-17 06:55:32.675 [info] > git rev-parse --show-toplevel [6ms]
2025-02-17 06:55:32.675 [info] fatal: not a git repository (or any of the parent directories): .git
2025-02-17 06:55:32.679 [info] > git rev-parse --show-toplevel [0ms]
2025-02-17 06:55:32.679 [info] fatal: not a git repository (or any of the parent directories): .git
2025-02-17 06:55:32.682 [info] > git rev-parse --show-toplevel [0ms]
2025-02-17 06:55:32.682 [info] fatal: not a git repository (or any of the parent directories): .git
2025-02-17 06:55:32.685 [info] > git rev-parse --show-toplevel [0ms]
2025-02-17 06:55:32.685 [info] fatal: not a git repository (or any of the parent directories): .git
2025-02-17 06:55:32.688 [info] > git rev-parse --show-toplevel [1ms]
2025-02-17 06:55:32.688 [info] fatal: not a git repository (or any of the parent directories): .git
2025-02-17 06:55:32.691 [info] > git rev-parse --show-toplevel [1ms]
2025-02-17 06:55:32.691 [info] fatal: not a git repository (or any of the parent directories): .git
2025-02-17 06:55:32.691 [info] [Model][doInitialScan] Initial repository scan completed - repositories (0), closed repositories (0), parent repositories (0), unsafe repositories (0)
2025-02-17 06:55:34.520 [info] > git rev-parse --show-toplevel [0ms]
2025-02-17 06:55:34.520 [info] fatal: not a git repository (or any of the parent directories): .git
2025-02-17 06:56:06.529 [info] > git rev-parse --show-toplevel [1ms]
2025-02-17 06:56:06.529 [info] fatal: not a git repository (or any of the parent directories): .git
2025-02-17 06:56:07.172 [info] > git rev-parse --show-toplevel [1ms]
2025-02-17 06:56:07.172 [info] fatal: not a git repository (or any of the parent directories): .git
2025-02-17 06:56:11.062 [info] > git rev-parse --show-toplevel [2ms]
2025-02-17 06:56:11.062 [info] fatal: not a git repository (or any of the parent directories): .git
2025-02-17 06:56:11.842 [info] > git rev-parse --show-toplevel [1ms]
2025-02-17 06:56:11.842 [info] fatal: not a git repository (or any of the parent directories): .git
2025-02-17 06:56:13.437 [info] > git rev-parse --show-toplevel [1ms]
2025-02-17 06:56:13.437 [info] fatal: not a git repository (or any of the parent directories): .git
2025-02-17 06:56:17.815 [info] > git rev-parse --show-toplevel [1ms]
2025-02-17 06:56:17.815 [info] fatal: not a git repository (or any of the parent directories): .git
2025-02-17 06:56:51.395 [info] > git rev-parse --show-toplevel [1ms]
2025-02-17 06:56:51.395 [info] fatal: not a git repository (or any of the parent directories): .git
2025-02-17 06:57:02.229 [info] > git rev-parse --show-toplevel [1ms]
2025-02-17 06:57:02.229 [info] fatal: not a git repository (or any of the parent directories): .git
2025-02-17 06:59:56.484 [info] > git rev-parse --show-toplevel [1ms]
2025-02-17 06:59:56.484 [info] fatal: not a git repository (or any of the parent directories): .git
