2023-10-04 16:16:17 Loading main app package /tmp/.mount_obsidi9hkzzZ/resources/obsidian.asar
2023-10-04 16:16:18 Checking for update using Github
2023-10-04 16:16:18 Success.
2023-10-04 16:16:18 Latest version is 1.4.14
2023-10-04 16:16:18 App is up to date.
2023-10-04 17:16:17 Checking for update using Github
2023-10-04 17:16:17 Success.
2023-10-04 17:16:17 Latest version is 1.4.14
2023-10-04 17:16:17 App is up to date.
2023-10-04 18:16:17 Checking for update using Github
2023-10-04 18:16:17 Success.
2023-10-04 18:16:17 Latest version is 1.4.14
2023-10-04 18:16:17 App is up to date.
2023-10-20 15:07:15 Loading main app package /tmp/.mount_obsidiVeFHiL/resources/obsidian.asar
2023-10-20 15:07:16 Checking for update using Github
2023-10-20 15:07:21 Success.
2023-10-20 15:07:21 Latest version is 1.4.16
2023-10-20 15:07:21 App is up to date.
2023-10-28 18:25:22 Loading main app package /tmp/.mount_obsidiOeZF5c/resources/obsidian.asar
2023-10-28 18:25:23 Checking for update using Github
2023-10-28 18:25:23 Success.
2023-10-28 18:25:23 Latest version is 1.4.16
2023-10-28 18:25:23 App is up to date.
2023-10-28 19:25:22 Checking for update using Github
2023-10-28 19:25:22 Success.
2023-10-28 19:25:22 Latest version is 1.4.16
2023-10-28 19:25:22 App is up to date.
2023-10-28 20:25:22 Checking for update using Github
2023-10-28 20:25:22 Success.
2023-10-28 20:25:22 Latest version is 1.4.16
2023-10-28 20:25:22 App is up to date.
2023-10-28 22:09:08 Loading main app package /tmp/.mount_obsidiChQyW5/resources/obsidian.asar
2023-10-28 22:09:09 Checking for update using Github
2023-10-28 22:09:09 Success.
2023-10-28 22:09:09 Latest version is 1.4.16
2023-10-28 22:09:09 App is up to date.
2023-10-29 10:57:44 Loading main app package /tmp/.mount_obsidil9dzqk/resources/obsidian.asar
2023-10-29 10:57:45 Checking for update using Github
2023-10-29 10:57:46 Success.
2023-10-29 10:57:46 Latest version is 1.4.16
2023-10-29 10:57:46 App is up to date.
2023-10-29 11:57:44 Checking for update using Github
2023-10-29 11:57:45 Success.
2023-10-29 11:57:45 Latest version is 1.4.16
2023-10-29 11:57:45 App is up to date.
2023-10-29 12:57:45 Checking for update using Github
2023-10-29 12:57:45 Success.
2023-10-29 12:57:45 Latest version is 1.4.16
2023-10-29 12:57:45 App is up to date.
2023-10-29 13:54:19 Loading main app package /tmp/.mount_obsidiYrqaF0/resources/obsidian.asar
2023-10-29 13:54:20 Checking for update using Github
2023-10-29 13:54:20 Success.
2023-10-29 13:54:20 Latest version is 1.4.16
2023-10-29 13:54:20 App is up to date.
2023-10-29 14:08:33 Loading main app package /tmp/.mount_obsidiIh8292/resources/obsidian.asar
2023-10-29 14:08:34 Checking for update using Github
2023-10-29 14:08:34 Success.
2023-10-29 14:08:34 Latest version is 1.4.16
2023-10-29 14:08:34 App is up to date.
2023-10-29 16:16:13 Loading main app package /tmp/.mount_obsidiORFA65/resources/obsidian.asar
2023-10-29 16:16:14 Checking for update using Github
2023-10-29 16:16:14 Success.
2023-10-29 16:16:14 Latest version is 1.4.16
2023-10-29 16:16:14 App is up to date.
2023-10-29 17:13:09 Loading main app package /tmp/.mount_obsidiRiVGGx/resources/obsidian.asar
2023-10-29 17:13:10 Checking for update using Github
2023-10-29 17:13:10 Success.
2023-10-29 17:13:10 Latest version is 1.4.16
2023-10-29 17:13:10 App is up to date.
2023-10-29 18:07:30 Loading main app package /tmp/.mount_obsidi96DAtw/resources/obsidian.asar
2023-10-29 18:07:30 Checking for update using Github
2023-10-29 18:07:31 Success.
2023-10-29 18:07:31 Latest version is 1.4.16
2023-10-29 18:07:31 App is up to date.
2023-10-29 18:42:11 Loading main app package /tmp/.mount_obsidirSj75E/resources/obsidian.asar
2023-10-29 18:42:12 Checking for update using Github
2023-10-29 18:42:12 Success.
2023-10-29 18:42:12 Latest version is 1.4.16
2023-10-29 18:42:12 App is up to date.
2023-10-30 16:05:36 Loading main app package /tmp/.mount_obsidiFTHmqA/resources/obsidian.asar
2023-10-30 16:05:37 Checking for update using Github
2023-10-30 16:05:37 Success.
2023-10-30 16:05:37 Latest version is 1.4.16
2023-10-30 16:05:37 App is up to date.
2023-10-30 17:05:36 Checking for update using Github
2023-10-30 17:05:36 Success.
2023-10-30 17:05:36 Latest version is 1.4.16
2023-10-30 17:05:36 App is up to date.
2023-10-30 18:05:36 Checking for update using Github
2023-10-30 18:05:36 Success.
2023-10-30 18:05:36 Latest version is 1.4.16
2023-10-30 18:05:36 App is up to date.
2023-10-31 15:28:57 Loading main app package /tmp/.mount_obsidirJZZqu/resources/obsidian.asar
2023-10-31 15:28:58 Checking for update using Github
2023-10-31 15:28:58 Success.
2023-10-31 15:28:58 Latest version is 1.4.16
2023-10-31 15:28:58 App is up to date.
2023-11-01 11:21:04 Loading main app package /tmp/.mount_obsidikTPkQB/resources/obsidian.asar
2023-11-01 11:21:04 Checking for update using Github
2023-11-01 11:21:05 Success.
2023-11-01 11:21:05 Latest version is 1.4.16
2023-11-01 11:21:05 App is up to date.
2023-11-01 20:09:36 Loading main app package /tmp/.mount_obsidiJersVa/resources/obsidian.asar
2023-11-01 20:09:36 Checking for update using Github
2023-11-01 20:09:37 Success.
2023-11-01 20:09:37 Latest version is 1.4.16
2023-11-01 20:09:37 App is up to date.
2023-11-01 21:09:36 Checking for update using Github
2023-11-01 21:09:36 Success.
2023-11-01 21:09:36 Latest version is 1.4.16
2023-11-01 21:09:36 App is up to date.
2023-11-01 22:09:36 Checking for update using Github
2023-11-01 22:09:36 Success.
2023-11-01 22:09:36 Latest version is 1.4.16
2023-11-01 22:09:36 App is up to date.
2023-11-01 23:09:36 Checking for update using Github
2023-11-01 23:09:36 Success.
2023-11-01 23:09:36 Latest version is 1.4.16
2023-11-01 23:09:36 App is up to date.
2023-11-02 00:09:36 Checking for update using Github
2023-11-02 00:09:36 Success.
2023-11-02 00:09:36 Latest version is 1.4.16
2023-11-02 00:09:36 App is up to date.
2023-11-02 12:06:00 Loading main app package /tmp/.mount_obsidiiXQx5C/resources/obsidian.asar
2023-11-02 12:06:01 Checking for update using Github
2023-11-02 12:06:02 Success.
2023-11-02 12:06:02 Latest version is 1.4.16
2023-11-02 12:06:02 App is up to date.
2023-11-02 12:06:04 Loading main app package /tmp/.mount_obsidiV51jFt/resources/obsidian.asar
2023-11-02 12:06:05 Checking for update using Github
2023-11-02 13:06:00 Checking for update using Github
2023-11-02 13:06:01 Success.
2023-11-02 13:06:01 Latest version is 1.4.16
2023-11-02 13:06:01 App is up to date.
2023-11-03 10:54:02 Loading main app package /tmp/.mount_obsidiLERsQ6/resources/obsidian.asar
2023-11-03 10:54:03 Checking for update using Github
2023-11-03 10:54:04 Success.
2023-11-03 10:54:04 Latest version is 1.4.16
2023-11-03 10:54:04 App is up to date.
2023-11-04 17:21:12 Loading main app package /tmp/.mount_obsidiNlqHqo/resources/obsidian.asar
2023-11-04 17:21:13 Checking for update using Github
2023-11-04 17:21:13 Failed to check for update using Github (net::ERR_INTERNET_DISCONNECTED)
2023-11-04 17:21:13 Checking for update using obsidian.md
2023-11-04 17:21:13 Failed to check for update using obsidian.md (net::ERR_INTERNET_DISCONNECTED)
2023-11-04 17:49:44 Loading main app package /tmp/.mount_obsidiSZZixm/resources/obsidian.asar
2023-11-04 17:49:45 Checking for update using Github
2023-11-04 17:49:45 Failed to check for update using Github (net::ERR_INTERNET_DISCONNECTED)
2023-11-04 17:49:45 Checking for update using obsidian.md
2023-11-04 17:49:45 Failed to check for update using obsidian.md (net::ERR_INTERNET_DISCONNECTED)
2023-11-10 19:24:02 Loading main app package /tmp/.mount_obsidiRDqlTk/resources/obsidian.asar
2023-11-10 19:24:03 Checking for update using Github
2023-11-10 19:24:03 Success.
2023-11-10 19:24:03 Latest version is 1.4.16
2023-11-10 19:24:03 App is up to date.
2023-11-12 11:30:29 Loading main app package /tmp/.mount_obsidivp9je2/resources/obsidian.asar
2023-11-12 11:30:30 Checking for update using Github
2023-11-12 11:30:30 Success.
2023-11-12 11:30:30 Latest version is 1.4.16
2023-11-12 11:30:30 App is up to date.
2023-11-12 12:30:29 Checking for update using Github
2023-11-12 12:30:29 Success.
2023-11-12 12:30:29 Latest version is 1.4.16
2023-11-12 12:30:29 App is up to date.
2023-11-12 13:30:29 Checking for update using Github
2023-11-12 13:30:35 Success.
2023-11-12 13:30:35 Latest version is 1.4.16
2023-11-12 13:30:35 App is up to date.
2023-11-12 14:30:30 Checking for update using Github
2023-11-12 14:30:30 Success.
2023-11-12 14:30:30 Latest version is 1.4.16
2023-11-12 14:30:30 App is up to date.
2023-11-12 15:30:30 Checking for update using Github
2023-11-12 15:30:30 Success.
2023-11-12 15:30:30 Latest version is 1.4.16
2023-11-12 15:30:30 App is up to date.
2023-11-14 19:54:37 Loading main app package /tmp/.mount_obsidih3UzqE/resources/obsidian.asar
2023-11-14 19:54:38 Checking for update using Github
2023-11-14 19:54:39 Success.
2023-11-14 19:54:39 Latest version is 1.4.16
2023-11-14 19:54:39 App is up to date.
