2025-02-04 13:44:20.200 [info] [main] Log level: Info
2025-02-04 13:44:20.200 [info] [main] Validating found git in: "git"
2025-02-04 13:44:20.200 [info] [main] Using git "2.48.1" from "git"
2025-02-04 13:44:20.200 [info] [Model][doInitialScan] Initial repository scan started
2025-02-04 13:44:20.200 [info] > git rev-parse --show-toplevel [4ms]
2025-02-04 13:44:20.200 [info] fatal: not a git repository (or any of the parent directories): .git
2025-02-04 13:44:20.200 [info] > git rev-parse --show-toplevel [1ms]
2025-02-04 13:44:20.200 [info] fatal: not a git repository (or any of the parent directories): .git
2025-02-04 13:44:20.253 [info] > git rev-parse --show-toplevel [50ms]
2025-02-04 13:44:20.253 [info] fatal: not a git repository (or any of the parent directories): .git
2025-02-04 13:44:20.262 [info] > git rev-parse --show-toplevel [1ms]
2025-02-04 13:44:20.262 [info] fatal: not a git repository (or any of the parent directories): .git
2025-02-04 13:44:20.318 [info] > git rev-parse --show-toplevel [53ms]
2025-02-04 13:44:20.318 [info] fatal: not a git repository (or any of the parent directories): .git
2025-02-04 13:44:20.335 [info] > git rev-parse --show-toplevel [10ms]
2025-02-04 13:44:20.335 [info] fatal: not a git repository (or any of the parent directories): .git
2025-02-04 13:44:20.338 [info] > git rev-parse --show-toplevel [1ms]
2025-02-04 13:44:20.338 [info] fatal: not a git repository (or any of the parent directories): .git
2025-02-04 13:44:20.341 [info] > git rev-parse --show-toplevel [1ms]
2025-02-04 13:44:20.341 [info] fatal: not a git repository (or any of the parent directories): .git
2025-02-04 13:44:20.343 [info] > git rev-parse --show-toplevel [0ms]
2025-02-04 13:44:20.343 [info] fatal: not a git repository (or any of the parent directories): .git
2025-02-04 13:44:20.347 [info] > git rev-parse --show-toplevel [1ms]
2025-02-04 13:44:20.347 [info] fatal: not a git repository (or any of the parent directories): .git
2025-02-04 13:44:20.350 [info] > git rev-parse --show-toplevel [1ms]
2025-02-04 13:44:20.350 [info] fatal: not a git repository (or any of the parent directories): .git
2025-02-04 13:44:20.354 [info] > git rev-parse --show-toplevel [1ms]
2025-02-04 13:44:20.354 [info] fatal: not a git repository (or any of the parent directories): .git
2025-02-04 13:44:20.356 [info] > git rev-parse --show-toplevel [0ms]
2025-02-04 13:44:20.356 [info] fatal: not a git repository (or any of the parent directories): .git
2025-02-04 13:44:20.359 [info] > git rev-parse --show-toplevel [0ms]
2025-02-04 13:44:20.359 [info] fatal: not a git repository (or any of the parent directories): .git
2025-02-04 13:44:20.363 [info] > git rev-parse --show-toplevel [1ms]
2025-02-04 13:44:20.363 [info] fatal: not a git repository (or any of the parent directories): .git
2025-02-04 13:44:20.366 [info] > git rev-parse --show-toplevel [1ms]
2025-02-04 13:44:20.366 [info] fatal: not a git repository (or any of the parent directories): .git
2025-02-04 13:44:20.368 [info] > git rev-parse --show-toplevel [0ms]
2025-02-04 13:44:20.368 [info] fatal: not a git repository (or any of the parent directories): .git
2025-02-04 13:44:20.371 [info] > git rev-parse --show-toplevel [1ms]
2025-02-04 13:44:20.371 [info] fatal: not a git repository (or any of the parent directories): .git
2025-02-04 13:44:20.374 [info] > git rev-parse --show-toplevel [0ms]
2025-02-04 13:44:20.374 [info] fatal: not a git repository (or any of the parent directories): .git
2025-02-04 13:44:20.377 [info] > git rev-parse --show-toplevel [1ms]
2025-02-04 13:44:20.377 [info] fatal: not a git repository (or any of the parent directories): .git
2025-02-04 13:44:20.381 [info] > git rev-parse --show-toplevel [0ms]
2025-02-04 13:44:20.381 [info] fatal: not a git repository (or any of the parent directories): .git
2025-02-04 13:44:20.384 [info] > git rev-parse --show-toplevel [1ms]
2025-02-04 13:44:20.384 [info] fatal: not a git repository (or any of the parent directories): .git
2025-02-04 13:44:20.387 [info] > git rev-parse --show-toplevel [1ms]
2025-02-04 13:44:20.387 [info] fatal: not a git repository (or any of the parent directories): .git
2025-02-04 13:44:20.389 [info] > git rev-parse --show-toplevel [0ms]
2025-02-04 13:44:20.389 [info] fatal: not a git repository (or any of the parent directories): .git
2025-02-04 13:44:20.392 [info] > git rev-parse --show-toplevel [1ms]
2025-02-04 13:44:20.392 [info] fatal: not a git repository (or any of the parent directories): .git
2025-02-04 13:44:20.395 [info] > git rev-parse --show-toplevel [1ms]
2025-02-04 13:44:20.395 [info] fatal: not a git repository (or any of the parent directories): .git
2025-02-04 13:44:20.398 [info] > git rev-parse --show-toplevel [0ms]
2025-02-04 13:44:20.398 [info] fatal: not a git repository (or any of the parent directories): .git
2025-02-04 13:44:20.400 [info] > git rev-parse --show-toplevel [0ms]
2025-02-04 13:44:20.400 [info] fatal: not a git repository (or any of the parent directories): .git
2025-02-04 13:44:20.403 [info] > git rev-parse --show-toplevel [0ms]
2025-02-04 13:44:20.403 [info] fatal: not a git repository (or any of the parent directories): .git
2025-02-04 13:44:20.406 [info] > git rev-parse --show-toplevel [1ms]
2025-02-04 13:44:20.406 [info] fatal: not a git repository (or any of the parent directories): .git
2025-02-04 13:44:20.408 [info] > git rev-parse --show-toplevel [0ms]
2025-02-04 13:44:20.408 [info] fatal: not a git repository (or any of the parent directories): .git
2025-02-04 13:44:20.411 [info] > git rev-parse --show-toplevel [0ms]
2025-02-04 13:44:20.411 [info] fatal: not a git repository (or any of the parent directories): .git
2025-02-04 13:44:20.418 [info] > git rev-parse --show-toplevel [5ms]
2025-02-04 13:44:20.418 [info] fatal: not a git repository (or any of the parent directories): .git
2025-02-04 13:44:20.422 [info] > git rev-parse --show-toplevel [1ms]
2025-02-04 13:44:20.422 [info] fatal: not a git repository (or any of the parent directories): .git
2025-02-04 13:44:20.422 [info] [Model][doInitialScan] Initial repository scan completed - repositories (0), closed repositories (0), parent repositories (0), unsafe repositories (0)
2025-02-04 13:44:22.343 [info] > git rev-parse --show-toplevel [1ms]
2025-02-04 13:44:22.343 [info] fatal: not a git repository (or any of the parent directories): .git
2025-02-04 13:44:48.948 [info] > git rev-parse --show-toplevel [1ms]
2025-02-04 13:44:48.948 [info] fatal: not a git repository (or any of the parent directories): .git
