2025-01-22 11:27:23.433 [info] [main] Log level: Info
2025-01-22 11:27:23.433 [info] [main] Validating found git in: "git"
2025-01-22 11:27:23.433 [info] [main] Using git "2.48.1" from "git"
2025-01-22 11:27:23.433 [info] [Model][doInitialScan] Initial repository scan started
2025-01-22 11:27:23.433 [info] > git rev-parse --show-toplevel [2ms]
2025-01-22 11:27:23.433 [info] fatal: not a git repository (or any of the parent directories): .git
2025-01-22 11:27:23.433 [info] > git rev-parse --show-toplevel [1ms]
2025-01-22 11:27:23.433 [info] fatal: not a git repository (or any of the parent directories): .git
2025-01-22 11:27:23.440 [info] > git rev-parse --show-toplevel [4ms]
2025-01-22 11:27:23.440 [info] fatal: not a git repository (or any of the parent directories): .git
2025-01-22 11:27:23.445 [info] > git rev-parse --show-toplevel [2ms]
2025-01-22 11:27:23.445 [info] fatal: not a git repository (or any of the parent directories): .git
2025-01-22 11:27:23.448 [info] > git rev-parse --show-toplevel [1ms]
2025-01-22 11:27:23.448 [info] fatal: not a git repository (or any of the parent directories): .git
2025-01-22 11:27:23.451 [info] > git rev-parse --show-toplevel [1ms]
2025-01-22 11:27:23.451 [info] fatal: not a git repository (or any of the parent directories): .git
2025-01-22 11:27:23.453 [info] > git rev-parse --show-toplevel [0ms]
2025-01-22 11:27:23.453 [info] fatal: not a git repository (or any of the parent directories): .git
2025-01-22 11:27:23.456 [info] > git rev-parse --show-toplevel [0ms]
2025-01-22 11:27:23.456 [info] fatal: not a git repository (or any of the parent directories): .git
2025-01-22 11:27:23.459 [info] > git rev-parse --show-toplevel [0ms]
2025-01-22 11:27:23.459 [info] fatal: not a git repository (or any of the parent directories): .git
2025-01-22 11:27:23.462 [info] > git rev-parse --show-toplevel [1ms]
2025-01-22 11:27:23.462 [info] fatal: not a git repository (or any of the parent directories): .git
2025-01-22 11:27:23.464 [info] > git rev-parse --show-toplevel [0ms]
2025-01-22 11:27:23.464 [info] fatal: not a git repository (or any of the parent directories): .git
2025-01-22 11:27:23.467 [info] > git rev-parse --show-toplevel [0ms]
2025-01-22 11:27:23.467 [info] fatal: not a git repository (or any of the parent directories): .git
2025-01-22 11:27:23.470 [info] > git rev-parse --show-toplevel [1ms]
2025-01-22 11:27:23.470 [info] fatal: not a git repository (or any of the parent directories): .git
2025-01-22 11:27:23.472 [info] > git rev-parse --show-toplevel [0ms]
2025-01-22 11:27:23.472 [info] fatal: not a git repository (or any of the parent directories): .git
2025-01-22 11:27:23.475 [info] > git rev-parse --show-toplevel [0ms]
2025-01-22 11:27:23.475 [info] fatal: not a git repository (or any of the parent directories): .git
2025-01-22 11:27:23.478 [info] > git rev-parse --show-toplevel [0ms]
2025-01-22 11:27:23.478 [info] fatal: not a git repository (or any of the parent directories): .git
2025-01-22 11:27:23.481 [info] > git rev-parse --show-toplevel [1ms]
2025-01-22 11:27:23.481 [info] fatal: not a git repository (or any of the parent directories): .git
2025-01-22 11:27:23.484 [info] > git rev-parse --show-toplevel [1ms]
2025-01-22 11:27:23.484 [info] fatal: not a git repository (or any of the parent directories): .git
2025-01-22 11:27:23.487 [info] > git rev-parse --show-toplevel [1ms]
2025-01-22 11:27:23.487 [info] fatal: not a git repository (or any of the parent directories): .git
2025-01-22 11:27:23.489 [info] > git rev-parse --show-toplevel [0ms]
2025-01-22 11:27:23.489 [info] fatal: not a git repository (or any of the parent directories): .git
2025-01-22 11:27:23.492 [info] > git rev-parse --show-toplevel [1ms]
2025-01-22 11:27:23.492 [info] fatal: not a git repository (or any of the parent directories): .git
2025-01-22 11:27:23.494 [info] > git rev-parse --show-toplevel [0ms]
2025-01-22 11:27:23.494 [info] fatal: not a git repository (or any of the parent directories): .git
2025-01-22 11:27:23.497 [info] > git rev-parse --show-toplevel [0ms]
2025-01-22 11:27:23.497 [info] fatal: not a git repository (or any of the parent directories): .git
2025-01-22 11:27:23.498 [info] [Model][doInitialScan] Initial repository scan completed - repositories (0), closed repositories (0), parent repositories (0), unsafe repositories (0)
2025-01-22 11:27:23.501 [info] > git rev-parse --show-toplevel [1ms]
2025-01-22 11:27:23.501 [info] fatal: not a git repository (or any of the parent directories): .git
2025-01-22 11:27:25.479 [info] > git rev-parse --show-toplevel [1ms]
2025-01-22 11:27:25.479 [info] fatal: not a git repository (or any of the parent directories): .git
2025-01-22 11:57:48.244 [info] > git rev-parse --show-toplevel [0ms]
2025-01-22 11:57:48.244 [info] fatal: not a git repository (or any of the parent directories): .git
2025-01-22 11:58:03.610 [info] > git rev-parse --show-toplevel [1ms]
2025-01-22 11:58:03.610 [info] fatal: not a git repository (or any of the parent directories): .git
2025-01-22 11:58:12.500 [info] > git rev-parse --show-toplevel [0ms]
2025-01-22 11:58:12.500 [info] fatal: not a git repository (or any of the parent directories): .git
2025-01-22 11:58:19.969 [info] > git rev-parse --show-toplevel [1ms]
2025-01-22 11:58:19.969 [info] fatal: not a git repository (or any of the parent directories): .git
2025-01-22 11:58:25.146 [info] > git rev-parse --show-toplevel [1ms]
2025-01-22 11:58:25.146 [info] fatal: not a git repository (or any of the parent directories): .git
2025-01-22 11:58:33.975 [info] > git rev-parse --show-toplevel [1ms]
2025-01-22 11:58:33.975 [info] fatal: not a git repository (or any of the parent directories): .git
2025-01-22 11:58:52.256 [info] > git rev-parse --show-toplevel [1ms]
2025-01-22 11:58:52.256 [info] fatal: not a git repository (or any of the parent directories): .git
2025-01-22 11:59:01.207 [info] > git rev-parse --show-toplevel [0ms]
2025-01-22 11:59:01.207 [info] fatal: not a git repository (or any of the parent directories): .git
2025-01-22 11:59:08.338 [info] > git rev-parse --show-toplevel [1ms]
2025-01-22 11:59:08.338 [info] fatal: not a git repository (or any of the parent directories): .git
2025-01-22 11:59:22.819 [info] > git rev-parse --show-toplevel [1ms]
2025-01-22 11:59:22.819 [info] fatal: not a git repository (or any of the parent directories): .git
2025-01-22 11:59:30.851 [info] > git rev-parse --show-toplevel [0ms]
2025-01-22 11:59:30.852 [info] fatal: not a git repository (or any of the parent directories): .git
2025-01-22 11:59:37.387 [info] > git rev-parse --show-toplevel [0ms]
2025-01-22 11:59:37.387 [info] fatal: not a git repository (or any of the parent directories): .git
2025-01-22 11:59:44.542 [info] > git rev-parse --show-toplevel [1ms]
2025-01-22 11:59:44.542 [info] fatal: not a git repository (or any of the parent directories): .git
2025-01-22 11:59:53.455 [info] > git rev-parse --show-toplevel [1ms]
2025-01-22 11:59:53.455 [info] fatal: not a git repository (or any of the parent directories): .git
2025-01-22 12:00:00.285 [info] > git rev-parse --show-toplevel [1ms]
2025-01-22 12:00:00.285 [info] fatal: not a git repository (or any of the parent directories): .git
2025-01-22 12:00:11.629 [info] > git rev-parse --show-toplevel [1ms]
2025-01-22 12:00:11.629 [info] fatal: not a git repository (or any of the parent directories): .git
2025-01-22 12:00:43.670 [info] > git rev-parse --show-toplevel [1ms]
2025-01-22 12:00:43.670 [info] fatal: not a git repository (or any of the parent directories): .git
2025-01-22 12:01:02.408 [info] > git rev-parse --show-toplevel [1ms]
2025-01-22 12:01:02.408 [info] fatal: not a git repository (or any of the parent directories): .git
2025-01-22 12:01:03.430 [info] > git rev-parse --show-toplevel [0ms]
2025-01-22 12:01:03.430 [info] fatal: not a git repository (or any of the parent directories): .git
2025-01-22 12:01:04.004 [info] > git rev-parse --show-toplevel [1ms]
2025-01-22 12:01:04.004 [info] fatal: not a git repository (or any of the parent directories): .git
2025-01-22 12:01:09.237 [info] > git rev-parse --show-toplevel [0ms]
2025-01-22 12:01:09.237 [info] fatal: not a git repository (or any of the parent directories): .git
2025-01-22 12:01:41.370 [info] > git rev-parse --show-toplevel [1ms]
2025-01-22 12:01:41.370 [info] fatal: not a git repository (or any of the parent directories): .git
2025-01-22 12:01:50.257 [info] > git rev-parse --show-toplevel [1ms]
2025-01-22 12:01:50.257 [info] fatal: not a git repository (or any of the parent directories): .git
2025-01-22 12:01:58.325 [info] > git rev-parse --show-toplevel [0ms]
2025-01-22 12:01:58.326 [info] fatal: not a git repository (or any of the parent directories): .git
2025-01-22 12:02:03.346 [info] > git rev-parse --show-toplevel [1ms]
2025-01-22 12:02:03.346 [info] fatal: not a git repository (or any of the parent directories): .git
2025-01-22 12:02:10.394 [info] > git rev-parse --show-toplevel [0ms]
2025-01-22 12:02:10.394 [info] fatal: not a git repository (or any of the parent directories): .git
2025-01-22 12:02:14.863 [info] > git rev-parse --show-toplevel [1ms]
2025-01-22 12:02:14.863 [info] fatal: not a git repository (or any of the parent directories): .git
2025-01-22 12:02:18.851 [info] > git rev-parse --show-toplevel [1ms]
2025-01-22 12:02:18.851 [info] fatal: not a git repository (or any of the parent directories): .git
2025-01-22 12:02:22.750 [info] > git rev-parse --show-toplevel [1ms]
2025-01-22 12:02:22.750 [info] fatal: not a git repository (or any of the parent directories): .git
2025-01-22 12:02:26.660 [info] > git rev-parse --show-toplevel [0ms]
2025-01-22 12:02:26.660 [info] fatal: not a git repository (or any of the parent directories): .git
2025-01-22 12:02:30.605 [info] > git rev-parse --show-toplevel [1ms]
2025-01-22 12:02:30.605 [info] fatal: not a git repository (or any of the parent directories): .git
2025-01-22 12:02:34.226 [info] > git rev-parse --show-toplevel [1ms]
2025-01-22 12:02:34.226 [info] fatal: not a git repository (or any of the parent directories): .git
2025-01-22 12:02:39.081 [info] > git rev-parse --show-toplevel [1ms]
2025-01-22 12:02:39.081 [info] fatal: not a git repository (or any of the parent directories): .git
2025-01-22 12:02:43.803 [info] > git rev-parse --show-toplevel [1ms]
2025-01-22 12:02:43.803 [info] fatal: not a git repository (or any of the parent directories): .git
2025-01-22 12:02:56.025 [info] > git rev-parse --show-toplevel [1ms]
2025-01-22 12:02:56.025 [info] fatal: not a git repository (or any of the parent directories): .git
2025-01-22 12:03:23.203 [info] > git rev-parse --show-toplevel [0ms]
2025-01-22 12:03:23.203 [info] fatal: not a git repository (or any of the parent directories): .git
2025-01-22 12:03:43.279 [info] > git rev-parse --show-toplevel [1ms]
2025-01-22 12:03:43.279 [info] fatal: not a git repository (or any of the parent directories): .git
2025-01-22 12:03:43.933 [info] > git rev-parse --show-toplevel [0ms]
2025-01-22 12:03:43.934 [info] fatal: not a git repository (or any of the parent directories): .git
2025-01-22 12:03:44.400 [info] > git rev-parse --show-toplevel [1ms]
2025-01-22 12:03:44.400 [info] fatal: not a git repository (or any of the parent directories): .git
2025-01-22 12:03:45.065 [info] > git rev-parse --show-toplevel [1ms]
2025-01-22 12:03:45.065 [info] fatal: not a git repository (or any of the parent directories): .git
2025-01-22 12:03:47.134 [info] > git rev-parse --show-toplevel [1ms]
2025-01-22 12:03:47.134 [info] fatal: not a git repository (or any of the parent directories): .git
2025-01-22 12:03:48.858 [info] > git rev-parse --show-toplevel [1ms]
2025-01-22 12:03:48.858 [info] fatal: not a git repository (or any of the parent directories): .git
2025-01-22 12:03:51.985 [info] > git rev-parse --show-toplevel [1ms]
2025-01-22 12:03:51.985 [info] fatal: not a git repository (or any of the parent directories): .git
2025-01-22 12:03:57.103 [info] > git rev-parse --show-toplevel [1ms]
2025-01-22 12:03:57.103 [info] fatal: not a git repository (or any of the parent directories): .git
2025-01-22 12:03:57.925 [info] > git rev-parse --show-toplevel [0ms]
2025-01-22 12:03:57.925 [info] fatal: not a git repository (or any of the parent directories): .git
2025-01-22 12:04:00.934 [info] > git rev-parse --show-toplevel [1ms]
2025-01-22 12:04:00.934 [info] fatal: not a git repository (or any of the parent directories): .git
2025-01-22 12:04:04.766 [info] > git rev-parse --show-toplevel [1ms]
2025-01-22 12:04:04.766 [info] fatal: not a git repository (or any of the parent directories): .git
2025-01-22 12:04:17.497 [info] > git rev-parse --show-toplevel [1ms]
2025-01-22 12:04:17.497 [info] fatal: not a git repository (or any of the parent directories): .git
2025-01-22 12:04:45.145 [info] > git rev-parse --show-toplevel [0ms]
2025-01-22 12:04:45.145 [info] fatal: not a git repository (or any of the parent directories): .git
2025-01-22 12:04:57.737 [info] > git rev-parse --show-toplevel [1ms]
2025-01-22 12:04:57.737 [info] fatal: not a git repository (or any of the parent directories): .git
