2025-01-29 07:49:00.200 [info] [main] Log level: Info
2025-01-29 07:49:00.200 [info] [main] Validating found git in: "git"
2025-01-29 07:49:00.200 [info] [main] Using git "2.48.1" from "git"
2025-01-29 07:49:00.200 [info] [Model][doInitialScan] Initial repository scan started
2025-01-29 07:49:00.200 [info] > git rev-parse --show-toplevel [2ms]
2025-01-29 07:49:00.200 [info] fatal: not a git repository (or any of the parent directories): .git
2025-01-29 07:49:00.200 [info] > git rev-parse --show-toplevel [7ms]
2025-01-29 07:49:00.200 [info] fatal: not a git repository (or any of the parent directories): .git
2025-01-29 07:49:00.200 [info] > git rev-parse --show-toplevel [1ms]
2025-01-29 07:49:00.200 [info] fatal: not a git repository (or any of the parent directories): .git
2025-01-29 07:49:00.200 [info] > git rev-parse --show-toplevel [1ms]
2025-01-29 07:49:00.201 [info] fatal: not a git repository (or any of the parent directories): .git
2025-01-29 07:49:00.258 [info] > git rev-parse --show-toplevel [54ms]
2025-01-29 07:49:00.258 [info] fatal: not a git repository (or any of the parent directories): .git
2025-01-29 07:49:00.270 [info] > git rev-parse --show-toplevel [5ms]
2025-01-29 07:49:00.270 [info] fatal: not a git repository (or any of the parent directories): .git
2025-01-29 07:49:00.279 [info] > git rev-parse --show-toplevel [1ms]
2025-01-29 07:49:00.279 [info] fatal: not a git repository (or any of the parent directories): .git
2025-01-29 07:49:00.282 [info] > git rev-parse --show-toplevel [1ms]
2025-01-29 07:49:00.282 [info] fatal: not a git repository (or any of the parent directories): .git
2025-01-29 07:49:00.284 [info] > git rev-parse --show-toplevel [0ms]
2025-01-29 07:49:00.284 [info] fatal: not a git repository (or any of the parent directories): .git
2025-01-29 07:49:00.288 [info] > git rev-parse --show-toplevel [1ms]
2025-01-29 07:49:00.288 [info] fatal: not a git repository (or any of the parent directories): .git
2025-01-29 07:49:00.291 [info] > git rev-parse --show-toplevel [0ms]
2025-01-29 07:49:00.291 [info] fatal: not a git repository (or any of the parent directories): .git
2025-01-29 07:49:00.294 [info] > git rev-parse --show-toplevel [0ms]
2025-01-29 07:49:00.294 [info] fatal: not a git repository (or any of the parent directories): .git
2025-01-29 07:49:00.298 [info] > git rev-parse --show-toplevel [1ms]
2025-01-29 07:49:00.298 [info] fatal: not a git repository (or any of the parent directories): .git
2025-01-29 07:49:00.301 [info] > git rev-parse --show-toplevel [1ms]
2025-01-29 07:49:00.301 [info] fatal: not a git repository (or any of the parent directories): .git
2025-01-29 07:49:00.304 [info] > git rev-parse --show-toplevel [1ms]
2025-01-29 07:49:00.304 [info] fatal: not a git repository (or any of the parent directories): .git
2025-01-29 07:49:00.307 [info] > git rev-parse --show-toplevel [0ms]
2025-01-29 07:49:00.307 [info] fatal: not a git repository (or any of the parent directories): .git
2025-01-29 07:49:00.310 [info] > git rev-parse --show-toplevel [0ms]
2025-01-29 07:49:00.310 [info] fatal: not a git repository (or any of the parent directories): .git
2025-01-29 07:49:00.313 [info] > git rev-parse --show-toplevel [0ms]
2025-01-29 07:49:00.313 [info] fatal: not a git repository (or any of the parent directories): .git
2025-01-29 07:49:00.316 [info] > git rev-parse --show-toplevel [1ms]
2025-01-29 07:49:00.316 [info] fatal: not a git repository (or any of the parent directories): .git
2025-01-29 07:49:00.319 [info] > git rev-parse --show-toplevel [0ms]
2025-01-29 07:49:00.319 [info] fatal: not a git repository (or any of the parent directories): .git
2025-01-29 07:49:00.322 [info] > git rev-parse --show-toplevel [0ms]
2025-01-29 07:49:00.322 [info] fatal: not a git repository (or any of the parent directories): .git
2025-01-29 07:49:00.325 [info] > git rev-parse --show-toplevel [1ms]
2025-01-29 07:49:00.325 [info] fatal: not a git repository (or any of the parent directories): .git
2025-01-29 07:49:00.327 [info] > git rev-parse --show-toplevel [0ms]
2025-01-29 07:49:00.328 [info] fatal: not a git repository (or any of the parent directories): .git
2025-01-29 07:49:00.330 [info] > git rev-parse --show-toplevel [0ms]
2025-01-29 07:49:00.330 [info] fatal: not a git repository (or any of the parent directories): .git
2025-01-29 07:49:00.334 [info] > git rev-parse --show-toplevel [1ms]
2025-01-29 07:49:00.334 [info] fatal: not a git repository (or any of the parent directories): .git
2025-01-29 07:49:00.336 [info] > git rev-parse --show-toplevel [0ms]
2025-01-29 07:49:00.336 [info] fatal: not a git repository (or any of the parent directories): .git
2025-01-29 07:49:00.339 [info] > git rev-parse --show-toplevel [1ms]
2025-01-29 07:49:00.339 [info] fatal: not a git repository (or any of the parent directories): .git
2025-01-29 07:49:00.342 [info] > git rev-parse --show-toplevel [1ms]
2025-01-29 07:49:00.342 [info] fatal: not a git repository (or any of the parent directories): .git
2025-01-29 07:49:00.342 [info] [Model][doInitialScan] Initial repository scan completed - repositories (0), closed repositories (0), parent repositories (0), unsafe repositories (0)
2025-01-29 07:49:02.287 [info] > git rev-parse --show-toplevel [0ms]
2025-01-29 07:49:02.287 [info] fatal: not a git repository (or any of the parent directories): .git
2025-01-29 07:49:14.017 [info] > git rev-parse --show-toplevel [1ms]
2025-01-29 07:49:14.017 [info] fatal: not a git repository (or any of the parent directories): .git
2025-01-29 07:49:14.994 [info] > git rev-parse --show-toplevel [1ms]
2025-01-29 07:49:14.994 [info] fatal: not a git repository (or any of the parent directories): .git
