2025-01-29 07:58:23.285 [info] [main] Log level: Info
2025-01-29 07:58:23.285 [info] [main] Validating found git in: "git"
2025-01-29 07:58:23.285 [info] [main] Using git "2.48.1" from "git"
2025-01-29 07:58:23.285 [info] [Model][doInitialScan] Initial repository scan started
2025-01-29 07:58:23.285 [info] > git rev-parse --show-toplevel [1ms]
2025-01-29 07:58:23.285 [info] fatal: not a git repository (or any of the parent directories): .git
2025-01-29 07:58:23.285 [info] > git rev-parse --show-toplevel [3ms]
2025-01-29 07:58:23.285 [info] fatal: not a git repository (or any of the parent directories): .git
2025-01-29 07:58:23.290 [info] > git rev-parse --show-toplevel [2ms]
2025-01-29 07:58:23.290 [info] fatal: not a git repository (or any of the parent directories): .git
2025-01-29 07:58:23.341 [info] > git rev-parse --show-toplevel [48ms]
2025-01-29 07:58:23.341 [info] fatal: not a git repository (or any of the parent directories): .git
2025-01-29 07:58:23.351 [info] > git rev-parse --show-toplevel [1ms]
2025-01-29 07:58:23.351 [info] fatal: not a git repository (or any of the parent directories): .git
2025-01-29 07:58:23.355 [info] > git rev-parse --show-toplevel [0ms]
2025-01-29 07:58:23.355 [info] fatal: not a git repository (or any of the parent directories): .git
2025-01-29 07:58:23.358 [info] > git rev-parse --show-toplevel [0ms]
2025-01-29 07:58:23.358 [info] fatal: not a git repository (or any of the parent directories): .git
2025-01-29 07:58:23.362 [info] > git rev-parse --show-toplevel [0ms]
2025-01-29 07:58:23.362 [info] fatal: not a git repository (or any of the parent directories): .git
2025-01-29 07:58:23.366 [info] > git rev-parse --show-toplevel [1ms]
2025-01-29 07:58:23.366 [info] fatal: not a git repository (or any of the parent directories): .git
2025-01-29 07:58:23.369 [info] > git rev-parse --show-toplevel [1ms]
2025-01-29 07:58:23.369 [info] fatal: not a git repository (or any of the parent directories): .git
2025-01-29 07:58:23.371 [info] > git rev-parse --show-toplevel [0ms]
2025-01-29 07:58:23.371 [info] fatal: not a git repository (or any of the parent directories): .git
2025-01-29 07:58:23.375 [info] > git rev-parse --show-toplevel [1ms]
2025-01-29 07:58:23.375 [info] fatal: not a git repository (or any of the parent directories): .git
2025-01-29 07:58:23.378 [info] > git rev-parse --show-toplevel [0ms]
2025-01-29 07:58:23.378 [info] fatal: not a git repository (or any of the parent directories): .git
2025-01-29 07:58:23.382 [info] > git rev-parse --show-toplevel [1ms]
2025-01-29 07:58:23.382 [info] fatal: not a git repository (or any of the parent directories): .git
2025-01-29 07:58:23.384 [info] > git rev-parse --show-toplevel [0ms]
2025-01-29 07:58:23.384 [info] fatal: not a git repository (or any of the parent directories): .git
2025-01-29 07:58:23.388 [info] > git rev-parse --show-toplevel [1ms]
2025-01-29 07:58:23.388 [info] fatal: not a git repository (or any of the parent directories): .git
2025-01-29 07:58:23.447 [info] > git rev-parse --show-toplevel [57ms]
2025-01-29 07:58:23.447 [info] fatal: not a git repository (or any of the parent directories): .git
2025-01-29 07:58:23.456 [info] > git rev-parse --show-toplevel [1ms]
2025-01-29 07:58:23.456 [info] fatal: not a git repository (or any of the parent directories): .git
2025-01-29 07:58:23.470 [info] > git rev-parse --show-toplevel [6ms]
2025-01-29 07:58:23.470 [info] fatal: not a git repository (or any of the parent directories): .git
2025-01-29 07:58:23.473 [info] > git rev-parse --show-toplevel [0ms]
2025-01-29 07:58:23.473 [info] fatal: not a git repository (or any of the parent directories): .git
2025-01-29 07:58:23.476 [info] > git rev-parse --show-toplevel [0ms]
2025-01-29 07:58:23.477 [info] fatal: not a git repository (or any of the parent directories): .git
2025-01-29 07:58:23.480 [info] > git rev-parse --show-toplevel [1ms]
2025-01-29 07:58:23.480 [info] fatal: not a git repository (or any of the parent directories): .git
2025-01-29 07:58:23.483 [info] > git rev-parse --show-toplevel [1ms]
2025-01-29 07:58:23.483 [info] fatal: not a git repository (or any of the parent directories): .git
2025-01-29 07:58:23.486 [info] > git rev-parse --show-toplevel [1ms]
2025-01-29 07:58:23.486 [info] fatal: not a git repository (or any of the parent directories): .git
2025-01-29 07:58:23.489 [info] > git rev-parse --show-toplevel [1ms]
2025-01-29 07:58:23.489 [info] fatal: not a git repository (or any of the parent directories): .git
2025-01-29 07:58:23.492 [info] > git rev-parse --show-toplevel [1ms]
2025-01-29 07:58:23.492 [info] fatal: not a git repository (or any of the parent directories): .git
2025-01-29 07:58:23.494 [info] > git rev-parse --show-toplevel [0ms]
2025-01-29 07:58:23.494 [info] fatal: not a git repository (or any of the parent directories): .git
2025-01-29 07:58:23.495 [info] [Model][doInitialScan] Initial repository scan completed - repositories (0), closed repositories (0), parent repositories (0), unsafe repositories (0)
2025-01-29 07:58:23.498 [info] > git rev-parse --show-toplevel [1ms]
2025-01-29 07:58:23.498 [info] fatal: not a git repository (or any of the parent directories): .git
2025-01-29 07:58:23.501 [info] > git rev-parse --show-toplevel [1ms]
2025-01-29 07:58:23.501 [info] fatal: not a git repository (or any of the parent directories): .git
2025-01-29 07:58:25.402 [info] > git rev-parse --show-toplevel [1ms]
2025-01-29 07:58:25.402 [info] fatal: not a git repository (or any of the parent directories): .git
