2025-01-22 16:39:36.159 [info] [main] Log level: Info
2025-01-22 16:39:36.159 [info] [main] Validating found git in: "git"
2025-01-22 16:39:36.159 [info] [main] Using git "2.48.1" from "git"
2025-01-22 16:39:36.159 [info] [Model][doInitialScan] Initial repository scan started
2025-01-22 16:39:36.159 [info] > git rev-parse --show-toplevel [3ms]
2025-01-22 16:39:36.159 [info] fatal: not a git repository (or any of the parent directories): .git
2025-01-22 16:39:36.159 [info] > git rev-parse --show-toplevel [1ms]
2025-01-22 16:39:36.159 [info] fatal: not a git repository (or any of the parent directories): .git
2025-01-22 16:39:36.160 [info] > git rev-parse --show-toplevel [11ms]
2025-01-22 16:39:36.160 [info] fatal: not a git repository (or any of the parent directories): .git
2025-01-22 16:39:36.167 [info] > git rev-parse --show-toplevel [2ms]
2025-01-22 16:39:36.167 [info] fatal: not a git repository (or any of the parent directories): .git
2025-01-22 16:39:36.172 [info] > git rev-parse --show-toplevel [2ms]
2025-01-22 16:39:36.172 [info] fatal: not a git repository (or any of the parent directories): .git
2025-01-22 16:39:36.175 [info] > git rev-parse --show-toplevel [1ms]
2025-01-22 16:39:36.175 [info] fatal: not a git repository (or any of the parent directories): .git
2025-01-22 16:39:36.177 [info] > git rev-parse --show-toplevel [0ms]
2025-01-22 16:39:36.177 [info] fatal: not a git repository (or any of the parent directories): .git
2025-01-22 16:39:36.181 [info] > git rev-parse --show-toplevel [0ms]
2025-01-22 16:39:36.181 [info] fatal: not a git repository (or any of the parent directories): .git
2025-01-22 16:39:36.183 [info] > git rev-parse --show-toplevel [0ms]
2025-01-22 16:39:36.183 [info] fatal: not a git repository (or any of the parent directories): .git
2025-01-22 16:39:36.186 [info] > git rev-parse --show-toplevel [0ms]
2025-01-22 16:39:36.186 [info] fatal: not a git repository (or any of the parent directories): .git
2025-01-22 16:39:36.189 [info] > git rev-parse --show-toplevel [0ms]
2025-01-22 16:39:36.189 [info] fatal: not a git repository (or any of the parent directories): .git
2025-01-22 16:39:36.192 [info] > git rev-parse --show-toplevel [0ms]
2025-01-22 16:39:36.192 [info] fatal: not a git repository (or any of the parent directories): .git
2025-01-22 16:39:36.195 [info] > git rev-parse --show-toplevel [1ms]
2025-01-22 16:39:36.195 [info] fatal: not a git repository (or any of the parent directories): .git
2025-01-22 16:39:36.198 [info] > git rev-parse --show-toplevel [1ms]
2025-01-22 16:39:36.198 [info] fatal: not a git repository (or any of the parent directories): .git
2025-01-22 16:39:36.200 [info] > git rev-parse --show-toplevel [0ms]
2025-01-22 16:39:36.200 [info] fatal: not a git repository (or any of the parent directories): .git
2025-01-22 16:39:36.203 [info] > git rev-parse --show-toplevel [1ms]
2025-01-22 16:39:36.203 [info] fatal: not a git repository (or any of the parent directories): .git
2025-01-22 16:39:36.206 [info] > git rev-parse --show-toplevel [1ms]
2025-01-22 16:39:36.206 [info] fatal: not a git repository (or any of the parent directories): .git
2025-01-22 16:39:36.209 [info] > git rev-parse --show-toplevel [0ms]
2025-01-22 16:39:36.209 [info] fatal: not a git repository (or any of the parent directories): .git
2025-01-22 16:39:36.211 [info] > git rev-parse --show-toplevel [0ms]
2025-01-22 16:39:36.211 [info] fatal: not a git repository (or any of the parent directories): .git
2025-01-22 16:39:36.214 [info] > git rev-parse --show-toplevel [0ms]
2025-01-22 16:39:36.214 [info] fatal: not a git repository (or any of the parent directories): .git
2025-01-22 16:39:36.217 [info] > git rev-parse --show-toplevel [1ms]
2025-01-22 16:39:36.217 [info] fatal: not a git repository (or any of the parent directories): .git
2025-01-22 16:39:36.219 [info] > git rev-parse --show-toplevel [0ms]
2025-01-22 16:39:36.219 [info] fatal: not a git repository (or any of the parent directories): .git
2025-01-22 16:39:36.222 [info] > git rev-parse --show-toplevel [1ms]
2025-01-22 16:39:36.222 [info] fatal: not a git repository (or any of the parent directories): .git
2025-01-22 16:39:36.224 [info] > git rev-parse --show-toplevel [0ms]
2025-01-22 16:39:36.224 [info] fatal: not a git repository (or any of the parent directories): .git
2025-01-22 16:39:36.225 [info] [Model][doInitialScan] Initial repository scan completed - repositories (0), closed repositories (0), parent repositories (0), unsafe repositories (0)
2025-01-22 16:39:38.238 [info] > git rev-parse --show-toplevel [1ms]
2025-01-22 16:39:38.238 [info] fatal: not a git repository (or any of the parent directories): .git
2025-01-22 16:44:48.844 [info] > git rev-parse --show-toplevel [1ms]
2025-01-22 16:44:48.844 [info] fatal: not a git repository (or any of the parent directories): .git
2025-01-22 16:44:59.907 [info] > git rev-parse --show-toplevel [0ms]
2025-01-22 16:44:59.907 [info] fatal: not a git repository (or any of the parent directories): .git
2025-01-22 16:45:33.678 [info] > git rev-parse --show-toplevel [60ms]
2025-01-22 16:45:33.678 [info] fatal: not a git repository (or any of the parent directories): .git
2025-01-22 16:45:34.861 [info] > git rev-parse --show-toplevel [20ms]
2025-01-22 16:45:34.861 [info] fatal: not a git repository (or any of the parent directories): .git
2025-01-22 16:45:35.728 [info] > git rev-parse --show-toplevel [1ms]
2025-01-22 16:45:35.729 [info] fatal: not a git repository (or any of the parent directories): .git
2025-01-22 16:45:37.133 [info] > git rev-parse --show-toplevel [1ms]
2025-01-22 16:45:37.133 [info] fatal: not a git repository (or any of the parent directories): .git
2025-01-22 16:45:42.439 [info] > git rev-parse --show-toplevel [1ms]
2025-01-22 16:45:42.440 [info] fatal: not a git repository (or any of the parent directories): .git
2025-01-22 16:47:20.557 [info] > git rev-parse --show-toplevel [0ms]
2025-01-22 16:47:20.557 [info] fatal: not a git repository (or any of the parent directories): .git
2025-01-22 16:51:17.239 [info] > git rev-parse --show-toplevel [1ms]
2025-01-22 16:51:17.239 [info] fatal: not a git repository (or any of the parent directories): .git
2025-01-22 16:51:18.217 [info] > git rev-parse --show-toplevel [2ms]
2025-01-22 16:51:18.217 [info] fatal: not a git repository (or any of the parent directories): .git
2025-01-22 16:51:19.078 [info] > git rev-parse --show-toplevel [1ms]
2025-01-22 16:51:19.078 [info] fatal: not a git repository (or any of the parent directories): .git
2025-01-22 16:51:35.109 [info] > git rev-parse --show-toplevel [1ms]
2025-01-22 16:51:35.109 [info] fatal: not a git repository (or any of the parent directories): .git
2025-01-22 16:53:07.561 [info] > git rev-parse --show-toplevel [0ms]
2025-01-22 16:53:07.561 [info] fatal: not a git repository (or any of the parent directories): .git
2025-01-22 16:55:00.658 [info] > git rev-parse --show-toplevel [1ms]
2025-01-22 16:55:00.658 [info] fatal: not a git repository (or any of the parent directories): .git
2025-01-22 16:55:38.106 [info] > git rev-parse --show-toplevel [2ms]
2025-01-22 16:55:38.106 [info] fatal: not a git repository (or any of the parent directories): .git
2025-01-22 16:56:02.017 [info] > git rev-parse --show-toplevel [1ms]
2025-01-22 16:56:02.017 [info] fatal: not a git repository (or any of the parent directories): .git
2025-01-22 16:56:29.164 [info] > git rev-parse --show-toplevel [1ms]
2025-01-22 16:56:29.164 [info] fatal: not a git repository (or any of the parent directories): .git
2025-01-22 16:56:30.027 [info] > git rev-parse --show-toplevel [1ms]
2025-01-22 16:56:30.027 [info] fatal: not a git repository (or any of the parent directories): .git
2025-01-22 16:56:32.688 [info] > git rev-parse --show-toplevel [1ms]
2025-01-22 16:56:32.688 [info] fatal: not a git repository (or any of the parent directories): .git
2025-01-22 16:56:35.451 [info] > git rev-parse --show-toplevel [1ms]
2025-01-22 16:56:35.451 [info] fatal: not a git repository (or any of the parent directories): .git
2025-01-22 16:59:38.152 [info] > git rev-parse --show-toplevel [1ms]
2025-01-22 16:59:38.152 [info] fatal: not a git repository (or any of the parent directories): .git
2025-01-22 16:59:58.004 [info] > git rev-parse --show-toplevel [1ms]
2025-01-22 16:59:58.004 [info] fatal: not a git repository (or any of the parent directories): .git
2025-01-22 17:00:25.861 [info] > git rev-parse --show-toplevel [1ms]
2025-01-22 17:00:25.861 [info] fatal: not a git repository (or any of the parent directories): .git
2025-01-22 17:02:24.885 [info] > git rev-parse --show-toplevel [1ms]
2025-01-22 17:02:24.885 [info] fatal: not a git repository (or any of the parent directories): .git
