2023-10-04 16:16:17 Loading main app package /tmp/.mount_obsidi9hkzzZ/resources/obsidian.asar
2023-10-04 16:16:18 Checking for update using Github
2023-10-04 16:16:18 Success.
2023-10-04 16:16:18 Latest version is 1.4.14
2023-10-04 16:16:18 App is up to date.
2023-10-04 17:16:17 Checking for update using Github
2023-10-04 17:16:17 Success.
2023-10-04 17:16:17 Latest version is 1.4.14
2023-10-04 17:16:17 App is up to date.
2023-10-04 18:16:17 Checking for update using Github
2023-10-04 18:16:17 Success.
2023-10-04 18:16:17 Latest version is 1.4.14
2023-10-04 18:16:17 App is up to date.
2023-10-20 15:07:15 Loading main app package /tmp/.mount_obsidiVeFHiL/resources/obsidian.asar
2023-10-20 15:07:16 Checking for update using Github
2023-10-20 15:07:21 Success.
2023-10-20 15:07:21 Latest version is 1.4.16
2023-10-20 15:07:21 App is up to date.
2023-10-28 18:25:22 Loading main app package /tmp/.mount_obsidiOeZF5c/resources/obsidian.asar
2023-10-28 18:25:23 Checking for update using Github
2023-10-28 18:25:23 Success.
2023-10-28 18:25:23 Latest version is 1.4.16
2023-10-28 18:25:23 App is up to date.
2023-10-28 19:25:22 Checking for update using Github
2023-10-28 19:25:22 Success.
2023-10-28 19:25:22 Latest version is 1.4.16
2023-10-28 19:25:22 App is up to date.
2023-10-28 20:25:22 Checking for update using Github
2023-10-28 20:25:22 Success.
2023-10-28 20:25:22 Latest version is 1.4.16
2023-10-28 20:25:22 App is up to date.
2023-10-28 22:09:08 Loading main app package /tmp/.mount_obsidiChQyW5/resources/obsidian.asar
2023-10-28 22:09:09 Checking for update using Github
2023-10-28 22:09:09 Success.
2023-10-28 22:09:09 Latest version is 1.4.16
2023-10-28 22:09:09 App is up to date.
2023-10-29 10:57:44 Loading main app package /tmp/.mount_obsidil9dzqk/resources/obsidian.asar
2023-10-29 10:57:45 Checking for update using Github
2023-10-29 10:57:46 Success.
2023-10-29 10:57:46 Latest version is 1.4.16
2023-10-29 10:57:46 App is up to date.
2023-10-29 11:57:44 Checking for update using Github
2023-10-29 11:57:45 Success.
2023-10-29 11:57:45 Latest version is 1.4.16
2023-10-29 11:57:45 App is up to date.
2023-10-29 12:57:45 Checking for update using Github
2023-10-29 12:57:45 Success.
2023-10-29 12:57:45 Latest version is 1.4.16
2023-10-29 12:57:45 App is up to date.
2023-10-29 13:54:19 Loading main app package /tmp/.mount_obsidiYrqaF0/resources/obsidian.asar
2023-10-29 13:54:20 Checking for update using Github
2023-10-29 13:54:20 Success.
2023-10-29 13:54:20 Latest version is 1.4.16
2023-10-29 13:54:20 App is up to date.
2023-10-29 14:08:33 Loading main app package /tmp/.mount_obsidiIh8292/resources/obsidian.asar
2023-10-29 14:08:34 Checking for update using Github
2023-10-29 14:08:34 Success.
2023-10-29 14:08:34 Latest version is 1.4.16
2023-10-29 14:08:34 App is up to date.
2023-10-29 16:16:13 Loading main app package /tmp/.mount_obsidiORFA65/resources/obsidian.asar
2023-10-29 16:16:14 Checking for update using Github
2023-10-29 16:16:14 Success.
2023-10-29 16:16:14 Latest version is 1.4.16
2023-10-29 16:16:14 App is up to date.
2023-10-29 17:13:09 Loading main app package /tmp/.mount_obsidiRiVGGx/resources/obsidian.asar
2023-10-29 17:13:10 Checking for update using Github
2023-10-29 17:13:10 Success.
2023-10-29 17:13:10 Latest version is 1.4.16
2023-10-29 17:13:10 App is up to date.
2023-10-29 18:07:30 Loading main app package /tmp/.mount_obsidi96DAtw/resources/obsidian.asar
2023-10-29 18:07:30 Checking for update using Github
2023-10-29 18:07:31 Success.
2023-10-29 18:07:31 Latest version is 1.4.16
2023-10-29 18:07:31 App is up to date.
2023-10-29 18:42:11 Loading main app package /tmp/.mount_obsidirSj75E/resources/obsidian.asar
2023-10-29 18:42:12 Checking for update using Github
2023-10-29 18:42:12 Success.
2023-10-29 18:42:12 Latest version is 1.4.16
2023-10-29 18:42:12 App is up to date.
2023-10-30 16:05:36 Loading main app package /tmp/.mount_obsidiFTHmqA/resources/obsidian.asar
2023-10-30 16:05:37 Checking for update using Github
2023-10-30 16:05:37 Success.
2023-10-30 16:05:37 Latest version is 1.4.16
2023-10-30 16:05:37 App is up to date.
2023-10-30 17:05:36 Checking for update using Github
2023-10-30 17:05:36 Success.
2023-10-30 17:05:36 Latest version is 1.4.16
2023-10-30 17:05:36 App is up to date.
2023-10-30 18:05:36 Checking for update using Github
2023-10-30 18:05:36 Success.
2023-10-30 18:05:36 Latest version is 1.4.16
2023-10-30 18:05:36 App is up to date.
2023-10-31 15:28:57 Loading main app package /tmp/.mount_obsidirJZZqu/resources/obsidian.asar
2023-10-31 15:28:58 Checking for update using Github
2023-10-31 15:28:58 Success.
2023-10-31 15:28:58 Latest version is 1.4.16
2023-10-31 15:28:58 App is up to date.
2023-11-01 11:21:04 Loading main app package /tmp/.mount_obsidikTPkQB/resources/obsidian.asar
2023-11-01 11:21:04 Checking for update using Github
2023-11-01 11:21:05 Success.
2023-11-01 11:21:05 Latest version is 1.4.16
2023-11-01 11:21:05 App is up to date.
2023-11-01 20:09:36 Loading main app package /tmp/.mount_obsidiJersVa/resources/obsidian.asar
2023-11-01 20:09:36 Checking for update using Github
2023-11-01 20:09:37 Success.
2023-11-01 20:09:37 Latest version is 1.4.16
2023-11-01 20:09:37 App is up to date.
2023-11-01 21:09:36 Checking for update using Github
2023-11-01 21:09:36 Success.
2023-11-01 21:09:36 Latest version is 1.4.16
2023-11-01 21:09:36 App is up to date.
2023-11-01 22:09:36 Checking for update using Github
2023-11-01 22:09:36 Success.
2023-11-01 22:09:36 Latest version is 1.4.16
2023-11-01 22:09:36 App is up to date.
2023-11-01 23:09:36 Checking for update using Github
2023-11-01 23:09:36 Success.
2023-11-01 23:09:36 Latest version is 1.4.16
2023-11-01 23:09:36 App is up to date.
2023-11-02 00:09:36 Checking for update using Github
2023-11-02 00:09:36 Success.
2023-11-02 00:09:36 Latest version is 1.4.16
2023-11-02 00:09:36 App is up to date.
2023-11-02 12:06:00 Loading main app package /tmp/.mount_obsidiiXQx5C/resources/obsidian.asar
2023-11-02 12:06:01 Checking for update using Github
2023-11-02 12:06:02 Success.
2023-11-02 12:06:02 Latest version is 1.4.16
2023-11-02 12:06:02 App is up to date.
2023-11-02 12:06:04 Loading main app package /tmp/.mount_obsidiV51jFt/resources/obsidian.asar
2023-11-02 12:06:05 Checking for update using Github
2023-11-02 13:06:00 Checking for update using Github
2023-11-02 13:06:01 Success.
2023-11-02 13:06:01 Latest version is 1.4.16
2023-11-02 13:06:01 App is up to date.
2023-11-03 10:54:02 Loading main app package /tmp/.mount_obsidiLERsQ6/resources/obsidian.asar
2023-11-03 10:54:03 Checking for update using Github
2023-11-03 10:54:04 Success.
2023-11-03 10:54:04 Latest version is 1.4.16
2023-11-03 10:54:04 App is up to date.
2023-11-04 17:21:12 Loading main app package /tmp/.mount_obsidiNlqHqo/resources/obsidian.asar
2023-11-04 17:21:13 Checking for update using Github
2023-11-04 17:21:13 Failed to check for update using Github (net::ERR_INTERNET_DISCONNECTED)
2023-11-04 17:21:13 Checking for update using obsidian.md
2023-11-04 17:21:13 Failed to check for update using obsidian.md (net::ERR_INTERNET_DISCONNECTED)
2023-11-04 17:49:44 Loading main app package /tmp/.mount_obsidiSZZixm/resources/obsidian.asar
2023-11-04 17:49:45 Checking for update using Github
2023-11-04 17:49:45 Failed to check for update using Github (net::ERR_INTERNET_DISCONNECTED)
2023-11-04 17:49:45 Checking for update using obsidian.md
2023-11-04 17:49:45 Failed to check for update using obsidian.md (net::ERR_INTERNET_DISCONNECTED)
2023-11-10 19:24:02 Loading main app package /tmp/.mount_obsidiRDqlTk/resources/obsidian.asar
2023-11-10 19:24:03 Checking for update using Github
2023-11-10 19:24:03 Success.
2023-11-10 19:24:03 Latest version is 1.4.16
2023-11-10 19:24:03 App is up to date.
2023-11-12 11:30:29 Loading main app package /tmp/.mount_obsidivp9je2/resources/obsidian.asar
2023-11-12 11:30:30 Checking for update using Github
2023-11-12 11:30:30 Success.
2023-11-12 11:30:30 Latest version is 1.4.16
2023-11-12 11:30:30 App is up to date.
2023-11-12 12:30:29 Checking for update using Github
2023-11-12 12:30:29 Success.
2023-11-12 12:30:29 Latest version is 1.4.16
2023-11-12 12:30:29 App is up to date.
2023-11-12 13:30:29 Checking for update using Github
2023-11-12 13:30:35 Success.
2023-11-12 13:30:35 Latest version is 1.4.16
2023-11-12 13:30:35 App is up to date.
2023-11-12 14:30:30 Checking for update using Github
2023-11-12 14:30:30 Success.
2023-11-12 14:30:30 Latest version is 1.4.16
2023-11-12 14:30:30 App is up to date.
2023-11-12 15:30:30 Checking for update using Github
2023-11-12 15:30:30 Success.
2023-11-12 15:30:30 Latest version is 1.4.16
2023-11-12 15:30:30 App is up to date.
2023-11-14 19:54:37 Loading main app package /tmp/.mount_obsidih3UzqE/resources/obsidian.asar
2023-11-14 19:54:38 Checking for update using Github
2023-11-14 19:54:39 Success.
2023-11-14 19:54:39 Latest version is 1.4.16
2023-11-14 19:54:39 App is up to date.
2023-11-19 16:33:24 Loading main app package /tmp/.mount_obsidiguylzv/resources/obsidian.asar
2023-11-19 16:33:24 Checking for update using Github
2023-11-19 16:33:25 Success.
2023-11-19 16:33:25 Latest version is 1.4.16
2023-11-19 16:33:25 App is up to date.
2023-11-19 17:33:24 Checking for update using Github
2023-11-19 17:33:24 Failed to check for update using Github (net::ERR_NAME_NOT_RESOLVED)
2023-11-19 17:33:24 Checking for update using obsidian.md
2023-11-19 17:33:24 Success.
2023-11-19 17:33:24 Latest version is 1.4.16
2023-11-19 17:33:24 App is up to date.
2023-11-19 18:25:46 Loading main app package /tmp/.mount_obsidixQaAkF/resources/obsidian.asar
2023-11-19 18:25:47 Checking for update using Github
2023-11-19 18:25:48 Success.
2023-11-19 18:25:48 Latest version is 1.4.16
2023-11-19 18:25:48 App is up to date.
2023-11-19 18:32:16 Loading main app package /tmp/.mount_obsidi4NV5F3/resources/obsidian.asar
2023-11-19 18:32:16 Checking for update using Github
2023-11-19 19:00:08 Loading main app package /tmp/.mount_obsidiIvvfrB/resources/obsidian.asar
2023-11-19 19:00:09 Checking for update using Github
2023-11-19 19:00:09 Failed to check for update using Github (net::ERR_NAME_NOT_RESOLVED)
2023-11-19 19:00:09 Checking for update using obsidian.md
2023-11-19 19:00:10 Success.
2023-11-19 19:00:10 Latest version is 1.4.16
2023-11-19 19:00:10 App is up to date.
2023-11-20 21:57:23 Loading main app package /tmp/.mount_obsidiwvaiZ1/resources/obsidian.asar
2023-11-20 21:57:24 Checking for update using Github
2023-11-20 21:57:24 Success.
2023-11-20 21:57:24 Latest version is 1.4.16
2023-11-20 21:57:24 App is up to date.
2023-11-21 17:49:36 Loading main app package /tmp/.mount_obsidioRv15d/resources/obsidian.asar
2023-11-21 17:49:37 Checking for update using Github
2023-11-21 17:49:37 Failed to check for update using Github (net::ERR_NAME_NOT_RESOLVED)
2023-11-21 17:49:37 Checking for update using obsidian.md
2023-11-21 17:49:37 Success.
2023-11-21 17:49:37 Latest version is 1.4.16
2023-11-21 17:49:37 App is up to date.
2023-11-27 15:57:41 Loading main app package /tmp/.mount_obsidiwTTAZ1/resources/obsidian.asar
2023-11-27 15:57:42 Checking for update using Github
2023-11-27 15:57:42 Success.
2023-11-27 15:57:42 Latest version is 1.4.16
2023-11-27 15:57:42 App is up to date.
2023-12-02 00:01:31 Loading main app package /tmp/.mount_obsidiMngAVj/resources/obsidian.asar
2023-12-02 00:01:32 Checking for update using Github
2023-12-02 00:01:32 Failed to check for update using Github (net::ERR_NAME_NOT_RESOLVED)
2023-12-02 00:01:32 Checking for update using obsidian.md
2023-12-02 00:01:33 Success.
2023-12-02 00:01:33 Latest version is 1.4.16
2023-12-02 00:01:33 App is up to date.
2023-12-03 15:38:09 Loading main app package /tmp/.mount_obsidiHdbS9W/resources/obsidian.asar
2023-12-03 15:38:10 Checking for update using Github
2023-12-03 15:38:10 Success.
2023-12-03 15:38:10 Latest version is 1.4.16
2023-12-03 15:38:10 App is up to date.
2024-05-22 04:20:54 Loading main app package /tmp/.mount_obsidi0RKcSt/resources/obsidian.asar
2024-05-22 04:20:55 Checking for update using Github
2024-05-22 04:20:56 Success.
2024-05-22 04:20:56 Latest version is 1.5.12
2024-05-22 04:20:56 App is up to date.
2024-05-22 04:22:41 Loading main app package /tmp/.mount_obsidiNKpfnH/resources/obsidian.asar
2024-05-22 04:22:42 Checking for update using Github
2024-05-22 04:22:42 Success.
2024-05-22 04:22:42 Latest version is 1.5.12
2024-05-22 04:22:42 App is up to date.
2024-05-22 13:25:37 Loading main app package /tmp/.mount_obsidiRdCNut/resources/obsidian.asar
2024-05-22 13:25:40 Checking for update using Github
2024-05-22 13:25:49 Failed to check for update using Github (net::ERR_NETWORK_CHANGED)
2024-05-22 13:25:49 Checking for update using obsidian.md
2024-05-22 13:25:49 Failed to check for update using obsidian.md (net::ERR_NETWORK_CHANGED)
2024-05-22 13:47:50 Loading main app package /tmp/.mount_obsidiCr86x5/resources/obsidian.asar
2024-05-22 13:47:53 Checking for update using Github
2024-05-22 13:47:53 Success.
2024-05-22 13:47:53 Latest version is 1.5.12
2024-05-22 13:47:53 App is up to date.
2024-05-22 13:48:33 Loading main app package /tmp/.mount_obsidiibTUgi/resources/obsidian.asar
2024-05-22 13:48:34 Checking for update using Github
2024-05-22 13:48:34 Success.
2024-05-22 13:48:34 Latest version is 1.5.12
2024-05-22 13:48:34 App is up to date.
2024-05-22 13:50:35 Loading main app package /tmp/.mount_obsidiow3L3K/resources/obsidian.asar
2024-05-22 13:50:36 Checking for update using Github
2024-05-22 13:50:36 Success.
2024-05-22 13:50:36 Latest version is 1.5.12
2024-05-22 13:50:36 App is up to date.
2024-05-22 16:03:04 Loading main app package /tmp/.mount_obsidinecAqZ/resources/obsidian.asar
2024-05-22 16:03:05 Checking for update using Github
2024-05-22 16:03:05 Failed to check for update using Github (net::ERR_CONNECTION_RESET)
2024-05-22 16:03:05 Checking for update using obsidian.md
2024-05-22 16:03:05 Failed to check for update using obsidian.md (net::ERR_CONNECTION_RESET)
2024-05-22 16:07:31 Loading main app package /tmp/.mount_obsidiUugjqH/resources/obsidian.asar
2024-05-22 16:07:32 Checking for update using Github
2024-05-22 16:07:33 Failed to check for update using Github (net::ERR_CONNECTION_RESET)
2024-05-22 16:07:33 Checking for update using obsidian.md
2024-05-22 16:07:33 Failed to check for update using obsidian.md (net::ERR_CONNECTION_RESET)
2024-05-22 14:15:49 Loading main app package /tmp/.mount_obsidiJAtQDN/resources/obsidian.asar
2024-05-22 14:15:52 Checking for update using Github
2024-05-22 14:15:52 Success.
2024-05-22 14:15:52 Latest version is 1.5.12
2024-05-22 14:15:52 App is up to date.
2024-05-22 14:20:11 Loading main app package /tmp/.mount_obsidiDcfozc/resources/obsidian.asar
2024-05-22 14:20:14 Checking for update using Github
2024-05-22 14:20:14 Success.
2024-05-22 14:20:14 Latest version is 1.5.12
2024-05-22 14:20:14 App is up to date.
2024-05-22 15:52:18 Loading main app package /tmp/.mount_obsidiltT7J4/resources/obsidian.asar
2024-05-22 15:52:19 Checking for update using Github
2024-05-22 15:52:19 Failed to check for update using Github (net::ERR_INTERNET_DISCONNECTED)
2024-05-22 15:52:19 Checking for update using obsidian.md
2024-05-22 15:52:19 Failed to check for update using obsidian.md (net::ERR_INTERNET_DISCONNECTED)
2024-05-22 17:48:37 Loading main app package /tmp/.mount_obsidi2uj1xW/resources/obsidian.asar
2024-05-22 17:48:38 Checking for update using Github
2024-05-22 17:48:38 Success.
2024-05-22 17:48:38 Latest version is 1.5.12
2024-05-22 17:48:38 App is up to date.
2024-05-22 18:48:37 Checking for update using Github
2024-05-22 18:48:37 Success.
2024-05-22 18:48:37 Latest version is 1.5.12
2024-05-22 18:48:37 App is up to date.
2024-05-23 05:15:22 Loading main app package /tmp/.mount_obsidiryXdwz/resources/obsidian.asar
2024-05-23 05:15:23 Checking for update using Github
2024-05-23 05:15:23 Failed to check for update using Github (net::ERR_CONNECTION_RESET)
2024-05-23 05:15:23 Checking for update using obsidian.md
2024-05-23 05:15:23 Failed to check for update using obsidian.md (net::ERR_CONNECTION_RESET)
2024-05-23 13:30:30 Loading main app package /tmp/.mount_obsidivBhYsO/resources/obsidian.asar
2024-05-23 13:30:31 Checking for update using Github
2024-05-23 13:30:31 Failed to check for update using Github (net::ERR_CONNECTION_RESET)
2024-05-23 13:30:31 Checking for update using obsidian.md
2024-05-23 13:30:31 Failed to check for update using obsidian.md (net::ERR_CONNECTION_RESET)
2024-05-23 17:23:58 Loading main app package /tmp/.mount_obsidi0I1ywh/resources/obsidian.asar
2024-05-23 17:23:59 Checking for update using Github
2024-05-23 17:23:59 Success.
2024-05-23 17:23:59 Latest version is 1.5.12
2024-05-23 17:23:59 App is up to date.
2024-05-23 18:23:57 Checking for update using Github
2024-05-23 18:23:58 Success.
2024-05-23 18:23:58 Latest version is 1.5.12
2024-05-23 18:23:58 App is up to date.
2024-05-23 19:23:57 Checking for update using Github
2024-05-23 19:23:58 Success.
2024-05-23 19:23:58 Latest version is 1.5.12
2024-05-23 19:23:58 App is up to date.
2024-05-23 20:23:58 Checking for update using Github
2024-05-23 20:23:58 Success.
2024-05-23 20:23:58 Latest version is 1.5.12
2024-05-23 20:23:58 App is up to date.
2024-05-23 21:23:58 Checking for update using Github
2024-05-23 21:23:58 Success.
2024-05-23 21:23:58 Latest version is 1.5.12
2024-05-23 21:23:58 App is up to date.
2024-05-23 22:23:58 Checking for update using Github
2024-05-23 22:23:58 Success.
2024-05-23 22:23:58 Latest version is 1.5.12
2024-05-23 22:23:58 App is up to date.
2024-05-23 23:23:58 Checking for update using Github
2024-05-23 23:23:58 Success.
2024-05-23 23:23:58 Latest version is 1.5.12
2024-05-23 23:23:58 App is up to date.
2024-05-24 00:23:58 Checking for update using Github
2024-05-24 00:23:58 Success.
2024-05-24 00:23:58 Latest version is 1.5.12
2024-05-24 00:23:58 App is up to date.
2024-05-24 01:23:58 Checking for update using Github
2024-05-24 01:23:58 Success.
2024-05-24 01:23:58 Latest version is 1.5.12
2024-05-24 01:23:58 App is up to date.
2024-05-24 02:23:58 Checking for update using Github
2024-05-24 02:23:58 Success.
2024-05-24 02:23:58 Latest version is 1.5.12
2024-05-24 02:23:58 App is up to date.
2024-05-24 03:23:58 Checking for update using Github
2024-05-24 03:23:58 Success.
2024-05-24 03:23:58 Latest version is 1.5.12
2024-05-24 03:23:58 App is up to date.
2024-05-24 04:23:58 Checking for update using Github
2024-05-24 04:23:58 Success.
2024-05-24 04:23:58 Latest version is 1.5.12
2024-05-24 04:23:58 App is up to date.
2024-05-24 05:23:58 Checking for update using Github
2024-05-24 05:24:12 Failed to check for update using Github (net::ERR_ADDRESS_UNREACHABLE)
2024-05-24 05:24:12 Checking for update using obsidian.md
2024-05-24 05:24:21 Failed to check for update using obsidian.md (net::ERR_ADDRESS_UNREACHABLE)
2024-05-24 06:23:58 Checking for update using Github
2024-05-24 06:23:59 Success.
2024-05-24 06:23:59 Latest version is 1.5.12
2024-05-24 06:23:59 App is up to date.
2024-05-24 07:23:59 Checking for update using Github
2024-05-24 07:23:59 Success.
2024-05-24 07:23:59 Latest version is 1.5.12
2024-05-24 07:23:59 App is up to date.
2024-05-24 08:23:59 Checking for update using Github
2024-05-24 08:23:59 Success.
2024-05-24 08:23:59 Latest version is 1.5.12
2024-05-24 08:23:59 App is up to date.
2024-05-24 09:23:59 Checking for update using Github
2024-05-24 09:23:59 Success.
2024-05-24 09:23:59 Latest version is 1.5.12
2024-05-24 09:23:59 App is up to date.
2024-05-24 10:23:59 Checking for update using Github
2024-05-24 10:23:59 Success.
2024-05-24 10:23:59 Latest version is 1.5.12
2024-05-24 10:23:59 App is up to date.
2024-05-24 11:23:59 Checking for update using Github
2024-05-24 11:23:59 Success.
2024-05-24 11:23:59 Latest version is 1.5.12
2024-05-24 11:23:59 App is up to date.
2024-05-24 12:23:59 Checking for update using Github
2024-05-24 12:23:59 Success.
2024-05-24 12:23:59 Latest version is 1.5.12
2024-05-24 12:23:59 App is up to date.
2024-05-24 13:23:59 Checking for update using Github
2024-05-24 13:23:59 Success.
2024-05-24 13:23:59 Latest version is 1.5.12
2024-05-24 13:23:59 App is up to date.
2024-05-24 14:23:59 Checking for update using Github
2024-05-24 14:23:59 Success.
2024-05-24 14:23:59 Latest version is 1.5.12
2024-05-24 14:23:59 App is up to date.
2024-05-24 15:23:59 Checking for update using Github
2024-05-24 15:23:59 Success.
2024-05-24 15:23:59 Latest version is 1.5.12
2024-05-24 15:23:59 App is up to date.
2024-05-24 16:23:59 Checking for update using Github
2024-05-24 16:23:59 Success.
2024-05-24 16:23:59 Latest version is 1.5.12
2024-05-24 16:23:59 App is up to date.
2024-05-24 17:23:59 Checking for update using Github
2024-05-24 17:24:00 Success.
2024-05-24 17:24:00 Latest version is 1.5.12
2024-05-24 17:24:00 App is up to date.
2024-05-24 18:23:59 Checking for update using Github
2024-05-24 18:24:00 Success.
2024-05-24 18:24:00 Latest version is 1.5.12
2024-05-24 18:24:00 App is up to date.
2024-05-24 19:24:00 Checking for update using Github
2024-05-24 19:24:00 Success.
2024-05-24 19:24:00 Latest version is 1.5.12
2024-05-24 19:24:00 App is up to date.
2024-05-24 20:24:00 Checking for update using Github
2024-05-24 20:24:00 Success.
2024-05-24 20:24:00 Latest version is 1.5.12
2024-05-24 20:24:00 App is up to date.
2024-05-24 21:24:00 Checking for update using Github
2024-05-24 21:24:00 Success.
2024-05-24 21:24:00 Latest version is 1.5.12
2024-05-24 21:24:00 App is up to date.
2024-05-24 21:44:22 Loading main app package /tmp/.mount_obsidit4zz8Y/resources/obsidian.asar
2024-05-24 21:44:23 Checking for update using Github
2024-05-24 21:44:23 Success.
2024-05-24 21:44:23 Latest version is 1.5.12
2024-05-24 21:44:23 App is up to date.
2024-05-24 21:47:48 Loading main app package /tmp/.mount_ObsidiHxCQsa/resources/obsidian.asar
2024-05-24 21:47:48 Checking for update using Github
2024-05-24 21:48:21 Loading main app package /tmp/.mount_Obsidi2afxcj/resources/obsidian.asar
2024-05-24 21:48:22 Checking for update using Github
2024-05-24 21:48:22 Success.
2024-05-24 21:48:22 Latest version is 1.5.12
2024-05-24 21:48:22 App is up to date.
2024-05-24 21:49:11 Loading main app package /tmp/.mount_obsidi5o4M5Q/resources/obsidian.asar
2024-05-24 21:49:11 Checking for update using Github
2024-05-24 21:49:30 Loading main app package /tmp/.mount_obsidieRqVXD/resources/obsidian.asar
2024-05-24 21:49:31 Checking for update using Github
2024-05-24 21:49:31 Success.
2024-05-24 21:49:31 Latest version is 1.5.12
2024-05-24 21:49:31 App is up to date.
2024-05-24 21:52:53 Loading main app package /tmp/.mount_Obsidiv2Gdtp/resources/obsidian.asar
2024-05-24 21:52:53 Checking for update using Github
2024-05-24 21:52:53 Success.
2024-05-24 21:52:53 Latest version is 1.5.12
2024-05-24 21:52:53 App is up to date.
2024-05-24 21:52:54 Loading main app package /tmp/.mount_ObsidiRKoywE/resources/obsidian.asar
2024-05-24 21:52:55 Checking for update using Github
2024-05-24 21:55:10 Loading main app package /tmp/.mount_obsidixbFTlh/resources/obsidian.asar
2024-05-24 21:55:11 Checking for update using Github
2024-05-24 21:55:11 Success.
2024-05-24 21:55:11 Latest version is 1.5.12
2024-05-24 21:55:11 App is up to date.
2024-05-24 21:55:40 Loading main app package /tmp/.mount_Obsidi1iEGGc/resources/obsidian.asar
2024-05-24 21:55:40 Checking for update using Github
2024-05-24 21:55:40 Success.
2024-05-24 21:55:40 Latest version is 1.5.12
2024-05-24 21:55:40 App is up to date.
2024-05-24 21:55:41 Loading main app package /tmp/.mount_ObsidibWCddp/resources/obsidian.asar
2024-05-24 21:55:42 Checking for update using Github
2024-05-24 21:57:13 Loading main app package /tmp/.mount_obsidim1EgpZ/resources/obsidian.asar
2024-05-24 21:57:14 Checking for update using Github
2024-05-24 22:02:04 Loading main app package /tmp/.mount_obsidiOzcbSK/resources/obsidian.asar
2024-05-24 22:02:04 Checking for update using Github
2024-05-24 22:02:25 Loading main app package /tmp/.mount_obsidiJyzexz/resources/obsidian.asar
2024-05-24 22:02:26 Checking for update using Github
2024-05-24 22:02:47 Loading main app package /tmp/.mount_obsidiNQbfPn/resources/obsidian.asar
2024-05-24 22:02:48 Checking for update using Github
2024-05-24 22:06:11 Loading main app package /tmp/.mount_obsidinN5E95/resources/obsidian.asar
2024-05-24 22:06:11 Checking for update using Github
2024-05-24 22:06:44 Loading main app package /tmp/.mount_ObsidiBwp2uP/resources/obsidian.asar
2024-05-24 22:06:44 Checking for update using Github
2024-05-24 22:07:02 Loading main app package /tmp/.mount_obsidiH68n0I/resources/obsidian.asar
2024-05-24 22:07:03 Checking for update using Github
2024-05-24 22:09:14 Checking for update using Github
2024-05-24 22:09:14 Success.
2024-05-24 22:09:14 Latest version is 1.5.12
2024-05-24 22:09:14 App is up to date.
2024-05-24 22:13:30 Loading main app package /tmp/.mount_obsidiHQOune/resources/obsidian.asar
2024-05-24 22:13:31 Checking for update using Github
2024-05-24 22:15:11 Loading main app package /tmp/.mount_obsidie8Vlz7/resources/obsidian.asar
2024-05-24 22:15:11 Checking for update using Github
2024-05-24 22:15:12 Success.
2024-05-24 22:15:12 Latest version is 1.5.12
2024-05-24 22:15:12 App is up to date.
2024-05-25 13:19:38 Loading main app package /tmp/.mount_obsidiPlzJ0Q/resources/obsidian.asar
2024-05-25 13:19:39 Checking for update using Github
2024-05-25 13:19:39 Success.
2024-05-25 13:19:39 Latest version is 1.5.12
2024-05-25 13:19:39 App is up to date.
2024-05-25 14:19:38 Checking for update using Github
2024-05-25 14:19:38 Success.
2024-05-25 14:19:38 Latest version is 1.5.12
2024-05-25 14:19:38 App is up to date.
2024-05-25 14:46:18 Loading main app package /tmp/.mount_obsidiIDexOT/resources/obsidian.asar
2024-05-25 14:46:19 Checking for update using Github
2024-05-25 14:56:52 Loading main app package /tmp/.mount_Obsidila6dfX/resources/obsidian.asar
2024-05-25 14:56:53 Checking for update using Github
2024-05-25 14:56:53 Success.
2024-05-25 14:56:53 Latest version is 1.5.12
2024-05-25 14:56:53 App is up to date.
2024-05-25 15:08:15 Loading main app package /tmp/.mount_ObsidiQDzpTx/resources/obsidian.asar
2024-05-25 15:08:16 Checking for update using Github
2024-05-25 15:08:40 Loading main app package /tmp/.mount_Obsidi5bNQD2/resources/obsidian.asar
2024-05-25 15:08:41 Checking for update using Github
2024-05-25 15:08:41 Success.
2024-05-25 15:08:41 Latest version is 1.5.12
2024-05-25 15:08:41 App is up to date.
2024-05-25 16:08:40 Checking for update using Github
2024-05-25 16:08:40 Success.
2024-05-25 16:08:40 Latest version is 1.5.12
2024-05-25 16:08:40 App is up to date.
2024-05-25 17:08:40 Checking for update using Github
2024-05-25 17:08:40 Success.
2024-05-25 17:08:40 Latest version is 1.5.12
2024-05-25 17:08:40 App is up to date.
2024-05-25 18:08:40 Checking for update using Github
2024-05-25 18:08:40 Success.
2024-05-25 18:08:40 Latest version is 1.5.12
2024-05-25 18:08:40 App is up to date.
2024-05-25 19:08:40 Checking for update using Github
2024-05-25 19:08:40 Success.
2024-05-25 19:08:40 Latest version is 1.5.12
2024-05-25 19:08:40 App is up to date.
2024-05-25 20:08:40 Checking for update using Github
2024-05-25 20:08:40 Success.
2024-05-25 20:08:40 Latest version is 1.5.12
2024-05-25 20:08:40 App is up to date.
2024-05-26 12:22:37 Loading main app package /tmp/.mount_Obsidi4ny75z/resources/obsidian.asar
2024-05-26 12:22:38 Checking for update using Github
2024-05-26 12:22:38 Success.
2024-05-26 12:22:38 Latest version is 1.5.12
2024-05-26 12:22:38 App is up to date.
2024-05-26 13:22:37 Checking for update using Github
2024-05-26 13:22:38 Success.
2024-05-26 13:22:38 Latest version is 1.5.12
2024-05-26 13:22:38 App is up to date.
2024-05-26 14:22:37 Checking for update using Github
2024-05-26 14:22:37 Success.
2024-05-26 14:22:37 Latest version is 1.5.12
2024-05-26 14:22:37 App is up to date.
2024-05-26 15:22:37 Checking for update using Github
2024-05-26 15:22:37 Success.
2024-05-26 15:22:37 Latest version is 1.5.12
2024-05-26 15:22:37 App is up to date.
2024-05-26 15:28:54 Loading main app package /tmp/.mount_ObsidiLIXItc/resources/obsidian.asar
2024-05-26 15:28:55 Checking for update using Github
2024-05-26 15:31:14 Success.
2024-05-26 15:31:14 Latest version is 1.5.12
2024-05-26 15:31:14 App is up to date.
2024-05-26 16:28:54 Checking for update using Github
2024-05-26 16:28:55 Success.
2024-05-26 16:28:55 Latest version is 1.5.12
2024-05-26 16:28:55 App is up to date.
2024-05-26 17:28:54 Checking for update using Github
2024-05-26 17:28:54 Success.
2024-05-26 17:28:54 Latest version is 1.5.12
2024-05-26 17:28:54 App is up to date.
2024-05-26 18:28:54 Checking for update using Github
2024-05-26 18:28:54 Success.
2024-05-26 18:28:54 Latest version is 1.5.12
2024-05-26 18:28:54 App is up to date.
2024-05-27 19:52:05 Loading main app package /tmp/.mount_Obsidi0yfHjG/resources/obsidian.asar
2024-05-27 19:52:05 Checking for update using Github
2024-05-27 19:52:05 Success.
2024-05-27 19:52:05 Latest version is 1.5.12
2024-05-27 19:52:05 App is up to date.
2024-05-27 20:52:05 Checking for update using Github
2024-05-27 20:52:05 Success.
2024-05-27 20:52:05 Latest version is 1.5.12
2024-05-27 20:52:05 App is up to date.
2024-05-27 21:52:05 Checking for update using Github
2024-05-27 21:52:05 Success.
2024-05-27 21:52:05 Latest version is 1.5.12
2024-05-27 21:52:05 App is up to date.
2024-05-27 22:52:05 Checking for update using Github
2024-05-27 22:52:05 Success.
2024-05-27 22:52:05 Latest version is 1.5.12
2024-05-27 22:52:05 App is up to date.
2024-05-27 23:56:15 Loading main app package /tmp/.mount_ObsidikEZs4P/resources/obsidian.asar
2024-05-27 23:56:15 Checking for update using Github
2024-05-27 23:56:16 Success.
2024-05-27 23:56:16 Latest version is 1.5.12
2024-05-27 23:56:16 App is up to date.
2024-05-28 10:39:59 Loading main app package /tmp/.mount_Obsidi8yt6Gn/resources/obsidian.asar
2024-05-28 10:40:02 Checking for update using Github
2024-05-28 10:40:03 Success.
2024-05-28 10:40:03 Latest version is 1.5.12
2024-05-28 10:40:03 App is up to date.
2024-05-28 12:58:32 Loading main app package /tmp/.mount_Obsidi8snGs0/resources/obsidian.asar
2024-05-28 12:58:35 Checking for update using Github
2024-05-28 12:58:36 Success.
2024-05-28 12:58:36 Latest version is 1.5.12
2024-05-28 12:58:36 App is up to date.
2024-05-28 14:06:46 Loading main app package /tmp/.mount_ObsidiyluDSu/resources/obsidian.asar
2024-05-28 14:06:47 Checking for update using Github
2024-05-28 14:06:47 Success.
2024-05-28 14:06:47 Latest version is 1.5.12
2024-05-28 14:06:47 App is up to date.
2024-05-28 16:01:40 Loading main app package /tmp/.mount_Obsidiuiilph/resources/obsidian.asar
2024-05-28 16:01:43 Checking for update using Github
2024-05-28 16:01:43 Success.
2024-05-28 16:01:43 Latest version is 1.5.12
2024-05-28 16:01:43 App is up to date.
2024-05-28 16:33:11 Loading main app package /tmp/.mount_Obsidi1FFKKx/resources/obsidian.asar
2024-05-28 16:33:13 Checking for update using Github
2024-05-28 16:33:13 Failed to check for update using Github (net::ERR_CONNECTION_RESET)
2024-05-28 16:33:13 Checking for update using obsidian.md
2024-05-28 16:33:13 Failed to check for update using obsidian.md (net::ERR_CONNECTION_RESET)
2024-05-29 15:04:23 Loading main app package /tmp/.mount_ObsidipNnAND/resources/obsidian.asar
2024-05-29 15:04:24 Checking for update using Github
2024-05-29 15:04:35 Failed to check for update using Github (net::ERR_CERT_COMMON_NAME_INVALID)
2024-05-29 15:04:35 Checking for update using obsidian.md
2024-05-29 15:04:35 Failed to check for update using obsidian.md (net::ERR_CERT_COMMON_NAME_INVALID)
2024-05-30 11:32:37 Loading main app package /tmp/.mount_Obsidil3jRGu/resources/obsidian.asar
2024-05-30 11:32:38 Checking for update using Github
2024-05-30 11:32:40 Success.
2024-05-30 11:32:40 Latest version is 1.5.12
2024-05-30 11:32:40 App is up to date.
2024-05-30 12:32:37 Checking for update using Github
2024-05-30 12:32:37 Success.
2024-05-30 12:32:37 Latest version is 1.5.12
2024-05-30 12:32:37 App is up to date.
2024-05-30 13:32:37 Checking for update using Github
2024-05-30 13:32:37 Success.
2024-05-30 13:32:37 Latest version is 1.5.12
2024-05-30 13:32:37 App is up to date.
2024-05-30 14:32:37 Checking for update using Github
2024-05-30 14:32:37 Success.
2024-05-30 14:32:37 Latest version is 1.5.12
2024-05-30 14:32:37 App is up to date.
2024-06-02 22:18:10 Loading main app package /tmp/.mount_Obsidi6P2g0V/resources/obsidian.asar
2024-06-02 22:18:13 Checking for update using Github
2024-06-02 22:18:13 Success.
2024-06-02 22:18:13 Latest version is 1.5.12
2024-06-02 22:18:13 App is up to date.
2024-06-02 23:39:41 Loading main app package /tmp/.mount_Obsidi5YJuUY/resources/obsidian.asar
2024-06-02 23:39:42 Checking for update using Github
2024-06-02 23:39:42 Success.
2024-06-02 23:39:42 Latest version is 1.5.12
2024-06-02 23:39:42 App is up to date.
2024-06-07 12:39:54 Loading main app package /tmp/.mount_ObsidiKFfeVt/resources/obsidian.asar
2024-06-07 12:39:54 Checking for update using Github
2024-06-07 12:39:55 Success.
2024-06-07 12:39:55 Latest version is 1.5.12
2024-06-07 12:39:55 App is up to date.
2024-06-07 13:39:54 Checking for update using Github
2024-06-07 13:39:54 Success.
2024-06-07 13:39:54 Latest version is 1.5.12
2024-06-07 13:39:54 App is up to date.
2024-06-07 14:39:54 Checking for update using Github
2024-06-07 14:39:54 Success.
2024-06-07 14:39:54 Latest version is 1.5.12
2024-06-07 14:39:54 App is up to date.
2024-06-07 15:39:54 Checking for update using Github
2024-06-07 15:39:54 Success.
2024-06-07 15:39:54 Latest version is 1.5.12
2024-06-07 15:39:54 App is up to date.
2024-06-07 20:01:07 Loading main app package /tmp/.mount_ObsidiBsAnOd/resources/obsidian.asar
2024-06-07 20:01:08 Checking for update using Github
2024-06-07 20:01:08 Success.
2024-06-07 20:01:08 Latest version is 1.6.2
2024-06-07 20:01:08 Downloading update from https://github.com/obsidianmd/obsidian-releases/releases/download/v1.6.2/obsidian-1.6.2.asar.gz
2024-06-07 20:01:11 Verifying hash & signature. Size= 8794467
2024-06-07 20:01:11 Saving file
2024-06-07 20:01:11 Update complete.
2024-06-07 21:01:07 Checking for update using Github
2024-06-07 21:01:07 Success.
2024-06-07 21:01:07 Latest version is 1.6.2
2024-06-07 21:01:07 An update is already downloaded.
2024-06-09 13:39:01 Loading updated app package /home/danielm/.config/obsidian/obsidian-1.6.2.asar
2024-06-09 13:39:02 Checking for update using Github
2024-06-09 13:39:02 Success.
2024-06-09 13:39:02 Latest version is 1.6.3
2024-06-09 13:39:02 Downloading update from https://github.com/obsidianmd/obsidian-releases/releases/download/v1.6.3/obsidian-1.6.3.asar.gz
2024-06-09 13:39:06 Verifying hash & signature. Size= 8794449
2024-06-09 13:39:06 Saving file
2024-06-09 13:39:06 Update complete.
2024-06-09 14:39:01 Checking for update using Github
2024-06-09 14:39:02 Success.
2024-06-09 14:39:02 Latest version is 1.6.3
2024-06-09 14:39:02 An update is already downloaded.
2024-06-09 15:39:02 Checking for update using Github
2024-06-09 15:39:02 Success.
2024-06-09 15:39:02 Latest version is 1.6.3
2024-06-09 15:39:02 An update is already downloaded.
2024-06-09 16:39:02 Checking for update using Github
2024-06-09 16:39:02 Success.
2024-06-09 16:39:02 Latest version is 1.6.3
2024-06-09 16:39:02 An update is already downloaded.
2024-06-09 17:39:02 Checking for update using Github
2024-06-09 17:39:02 Success.
2024-06-09 17:39:02 Latest version is 1.6.3
2024-06-09 17:39:02 An update is already downloaded.
2024-06-11 11:51:47 Loading updated app package /home/danielm/.config/obsidian/obsidian-1.6.3.asar
2024-06-11 11:51:50 Checking for update using Github
2024-06-11 11:51:51 Success.
2024-06-11 11:51:51 Latest version is 1.6.3
2024-06-11 11:51:51 App is up to date.
2024-06-11 21:02:53 Loading updated app package /home/danielm/.config/obsidian/obsidian-1.6.3.asar
2024-06-11 21:02:54 Checking for update using Github
2024-06-11 21:02:54 Success.
2024-06-11 21:02:54 Latest version is 1.6.3
2024-06-11 21:02:54 App is up to date.
2024-06-12 14:58:15 Loading updated app package /home/danielm/.config/obsidian/obsidian-1.6.3.asar
2024-06-12 14:58:16 Checking for update using Github
2024-06-12 14:58:16 Failed to check for update using Github (net::ERR_INTERNET_DISCONNECTED)
2024-06-12 14:58:16 Checking for update using obsidian.md
2024-06-12 14:58:16 Failed to check for update using obsidian.md (net::ERR_INTERNET_DISCONNECTED)
2024-06-12 18:15:34 Loading updated app package /home/danielm/.config/obsidian/obsidian-1.6.3.asar
2024-06-12 18:15:35 Checking for update using Github
2024-06-12 18:15:35 Success.
2024-06-12 18:15:35 Latest version is 1.6.3
2024-06-12 18:15:35 App is up to date.
2024-06-12 19:15:34 Checking for update using Github
2024-06-12 19:15:34 Success.
2024-06-12 19:15:34 Latest version is 1.6.3
2024-06-12 19:15:34 App is up to date.
2024-06-12 20:15:34 Checking for update using Github
2024-06-12 20:15:34 Success.
2024-06-12 20:15:34 Latest version is 1.6.3
2024-06-12 20:15:34 App is up to date.
2024-06-12 21:15:34 Checking for update using Github
2024-06-12 21:15:34 Success.
2024-06-12 21:15:34 Latest version is 1.6.3
2024-06-12 21:15:34 App is up to date.
2024-06-13 13:17:51 Loading updated app package /home/danielm/.config/obsidian/obsidian-1.6.3.asar
2024-06-13 13:17:52 Checking for update using Github
2024-06-13 13:17:53 Success.
2024-06-13 13:17:53 Latest version is 1.6.3
2024-06-13 13:17:53 App is up to date.
2024-06-14 13:16:26 Loading updated app package /home/danielm/.config/obsidian/obsidian-1.6.3.asar
2024-06-14 13:16:26 Checking for update using Github
2024-06-14 13:16:27 Success.
2024-06-14 13:16:27 Latest version is 1.6.3
2024-06-14 13:16:27 App is up to date.
2024-06-14 14:03:01 Loading updated app package /home/danielm/.config/obsidian/obsidian-1.6.3.asar
2024-06-14 14:03:02 Checking for update using Github
2024-06-14 14:03:02 Success.
2024-06-14 14:03:02 Latest version is 1.6.3
2024-06-14 14:03:02 App is up to date.
2024-06-14 14:08:44 Loading updated app package /home/danielm/.config/obsidian/obsidian-1.6.3.asar
2024-06-14 14:08:45 Checking for update using Github
2024-06-14 14:08:46 Success.
2024-06-14 14:08:46 Latest version is 1.6.3
2024-06-14 14:08:46 App is up to date.
2024-06-14 14:41:47 Loading updated app package /home/danielm/.config/obsidian/obsidian-1.6.3.asar
2024-06-14 14:41:48 Checking for update using Github
2024-06-14 14:41:48 Success.
2024-06-14 14:41:48 Latest version is 1.6.3
2024-06-14 14:41:48 App is up to date.
2024-06-14 15:41:48 Checking for update using Github
2024-06-14 15:41:48 Success.
2024-06-14 15:41:48 Latest version is 1.6.3
2024-06-14 15:41:48 App is up to date.
2024-06-14 16:41:48 Checking for update using Github
2024-06-14 16:41:48 Success.
2024-06-14 16:41:48 Latest version is 1.6.3
2024-06-14 16:41:48 App is up to date.
2024-06-14 18:39:55 Loading updated app package /home/danielm/.config/obsidian/obsidian-1.6.3.asar
2024-06-14 18:39:56 Checking for update using Github
2024-06-14 18:39:56 Success.
2024-06-14 18:39:56 Latest version is 1.6.3
2024-06-14 18:39:56 App is up to date.
2024-06-15 13:49:34 Loading updated app package /home/danielm/.config/obsidian/obsidian-1.6.3.asar
2024-06-15 13:49:35 Checking for update using Github
2024-06-15 13:49:35 Success.
2024-06-15 13:49:35 Latest version is 1.6.3
2024-06-15 13:49:35 App is up to date.
2024-06-15 14:49:34 Checking for update using Github
2024-06-15 14:49:34 Success.
2024-06-15 14:49:34 Latest version is 1.6.3
2024-06-15 14:49:34 App is up to date.
2024-06-15 15:49:34 Checking for update using Github
2024-06-15 15:49:34 Success.
2024-06-15 15:49:34 Latest version is 1.6.3
2024-06-15 15:49:34 App is up to date.
2024-06-15 16:49:34 Checking for update using Github
2024-06-15 16:49:34 Success.
2024-06-15 16:49:34 Latest version is 1.6.3
2024-06-15 16:49:34 App is up to date.
2024-06-15 17:49:34 Checking for update using Github
2024-06-15 17:49:34 Success.
2024-06-15 17:49:34 Latest version is 1.6.3
2024-06-15 17:49:34 App is up to date.
2024-06-15 18:49:34 Checking for update using Github
2024-06-15 18:49:34 Success.
2024-06-15 18:49:34 Latest version is 1.6.3
2024-06-15 18:49:34 App is up to date.
2024-06-16 10:34:19 Loading updated app package /home/danielm/.config/obsidian/obsidian-1.6.3.asar
2024-06-16 10:34:19 Checking for update using Github
2024-06-16 10:34:20 Failed to check for update using Github (net::ERR_INTERNET_DISCONNECTED)
2024-06-16 10:34:20 Checking for update using obsidian.md
2024-06-16 10:34:20 Failed to check for update using obsidian.md (net::ERR_INTERNET_DISCONNECTED)
2024-06-16 11:20:17 Loading updated app package /home/danielm/.config/obsidian/obsidian-1.6.3.asar
2024-06-16 11:20:18 Checking for update using Github
2024-06-16 11:20:18 Success.
2024-06-16 11:20:18 Latest version is 1.6.3
2024-06-16 11:20:18 App is up to date.
2024-06-17 16:15:09 Loading updated app package /home/danielm/.config/obsidian/obsidian-1.6.3.asar
2024-06-17 16:15:10 Checking for update using Github
2024-06-17 16:15:10 Failed to check for update using Github (net::ERR_INTERNET_DISCONNECTED)
2024-06-17 16:15:10 Checking for update using obsidian.md
2024-06-17 16:15:10 Failed to check for update using obsidian.md (net::ERR_INTERNET_DISCONNECTED)
2024-06-20 12:41:49 Loading updated app package /home/danielm/.config/obsidian/obsidian-1.6.3.asar
2024-06-20 12:41:50 Checking for update using Github
2024-06-20 12:41:50 Success.
2024-06-20 12:41:50 Latest version is 1.6.3
2024-06-20 12:41:50 App is up to date.
2024-06-20 13:41:49 Checking for update using Github
2024-06-20 13:41:49 Success.
2024-06-20 13:41:49 Latest version is 1.6.3
2024-06-20 13:41:49 App is up to date.
2024-06-20 14:41:49 Checking for update using Github
2024-06-20 14:41:49 Success.
2024-06-20 14:41:49 Latest version is 1.6.3
2024-06-20 14:41:49 App is up to date.
2024-06-20 15:41:49 Checking for update using Github
2024-06-20 15:41:50 Success.
2024-06-20 15:41:50 Latest version is 1.6.3
2024-06-20 15:41:50 App is up to date.
2024-06-20 16:41:50 Checking for update using Github
2024-06-20 16:41:50 Success.
2024-06-20 16:41:50 Latest version is 1.6.3
2024-06-20 16:41:50 App is up to date.
2024-06-20 17:41:50 Checking for update using Github
2024-06-20 17:41:50 Success.
2024-06-20 17:41:50 Latest version is 1.6.3
2024-06-20 17:41:50 App is up to date.
2024-06-20 18:41:50 Checking for update using Github
2024-06-20 18:41:50 Success.
2024-06-20 18:41:50 Latest version is 1.6.3
2024-06-20 18:41:50 App is up to date.
2024-06-20 19:41:50 Checking for update using Github
2024-06-20 19:41:50 Success.
2024-06-20 19:41:50 Latest version is 1.6.3
2024-06-20 19:41:50 App is up to date.
2024-06-21 12:37:09 Loading updated app package /home/danielm/.config/obsidian/obsidian-1.6.3.asar
2024-06-21 12:37:09 Checking for update using Github
2024-06-21 12:37:10 Success.
2024-06-21 12:37:10 Latest version is 1.6.3
2024-06-21 12:37:10 App is up to date.
2024-06-21 13:52:57 Loading updated app package /home/danielm/.config/obsidian/obsidian-1.6.3.asar
2024-06-21 13:52:58 Checking for update using Github
2024-06-21 13:52:58 Success.
2024-06-21 13:52:58 Latest version is 1.6.3
2024-06-21 13:52:58 App is up to date.
2024-06-21 14:52:57 Checking for update using Github
2024-06-21 14:52:57 Success.
2024-06-21 14:52:57 Latest version is 1.6.3
2024-06-21 14:52:57 App is up to date.
2024-06-21 15:52:57 Checking for update using Github
2024-06-21 15:52:57 Success.
2024-06-21 15:52:57 Latest version is 1.6.3
2024-06-21 15:52:57 App is up to date.
2024-06-21 16:52:57 Checking for update using Github
2024-06-21 16:52:57 Success.
2024-06-21 16:52:57 Latest version is 1.6.3
2024-06-21 16:52:57 App is up to date.
2024-06-21 17:52:57 Checking for update using Github
2024-06-21 17:52:57 Success.
2024-06-21 17:52:57 Latest version is 1.6.3
2024-06-21 17:52:57 App is up to date.
2024-06-21 18:52:57 Checking for update using Github
2024-06-21 18:52:57 Success.
2024-06-21 18:52:57 Latest version is 1.6.3
2024-06-21 18:52:57 App is up to date.
2024-06-21 19:52:57 Checking for update using Github
2024-06-21 19:52:57 Success.
2024-06-21 19:52:57 Latest version is 1.6.3
2024-06-21 19:52:57 App is up to date.
2024-06-21 20:47:34 Loading updated app package /home/danielm/.config/obsidian/obsidian-1.6.3.asar
2024-06-21 20:47:34 Checking for update using Github
2024-06-21 20:47:34 Success.
2024-06-21 20:47:34 Latest version is 1.6.3
2024-06-21 20:47:34 App is up to date.
2024-06-21 21:47:34 Checking for update using Github
2024-06-21 21:47:34 Success.
2024-06-21 21:47:34 Latest version is 1.6.3
2024-06-21 21:47:34 App is up to date.
2024-06-22 14:35:55 Loading updated app package /home/danielm/.config/obsidian/obsidian-1.6.3.asar
2024-06-22 14:35:56 Checking for update using Github
2024-06-22 14:35:56 Success.
2024-06-22 14:35:56 Latest version is 1.6.3
2024-06-22 14:35:56 App is up to date.
2024-06-22 15:35:55 Checking for update using Github
2024-06-22 15:35:55 Success.
2024-06-22 15:35:55 Latest version is 1.6.3
2024-06-22 15:35:55 App is up to date.
2024-06-22 16:35:55 Checking for update using Github
2024-06-22 16:35:55 Success.
2024-06-22 16:35:55 Latest version is 1.6.3
2024-06-22 16:35:55 App is up to date.
2024-06-22 17:35:55 Checking for update using Github
2024-06-22 17:35:55 Success.
2024-06-22 17:35:55 Latest version is 1.6.3
2024-06-22 17:35:55 App is up to date.
2024-06-22 18:35:55 Checking for update using Github
2024-06-22 18:35:56 Success.
2024-06-22 18:35:56 Latest version is 1.6.3
2024-06-22 18:35:56 App is up to date.
2024-06-28 13:06:28 Loading updated app package /home/danielm/.config/obsidian/obsidian-1.6.3.asar
2024-06-28 13:06:28 Checking for update using Github
2024-06-28 13:06:28 Success.
2024-06-28 13:06:28 Latest version is 1.6.5
2024-06-28 13:06:28 Downloading update from https://github.com/obsidianmd/obsidian-releases/releases/download/v1.6.5/obsidian-1.6.5.asar.gz
2024-06-28 13:06:31 Verifying hash & signature. Size= 8839622
2024-06-28 13:06:31 Saving file
2024-06-28 13:06:31 Update complete.
2024-06-28 14:06:28 Checking for update using Github
2024-06-28 14:06:28 Success.
2024-06-28 14:06:28 Latest version is 1.6.5
2024-06-28 14:06:28 An update is already downloaded.
